This is pdfTeX, Version 3.14159265-2.6-1.40.18 (TeX Live 2017) (preloaded format=pdflatex 2017.10.13)  29 JAN 2018 16:10
entering extended mode
 restricted \write18 enabled.
 %&-line parsing enabled.
**R_intro.tex
(./R_intro.tex
LaTeX2e <2017-04-15>
Babel <3.14> and hyphenation patterns for 84 language(s) loaded.
(/usr/local/texlive/2017/texmf-dist/tex/latex/beamer/beamer.cls
Document Class: beamer 2017/08/22 v3.43 A class for typesetting presentations
(/usr/local/texlive/2017/texmf-dist/tex/latex/beamer/beamerbasemodes.sty
(/usr/local/texlive/2017/texmf-dist/tex/latex/etoolbox/etoolbox.sty
Package: etoolbox 2017/01/02 v2.4 e-TeX tools for LaTeX (JAW)
\etb@tempcnta=\count79
)
\beamer@tempbox=\box26
\beamer@tempcount=\count80
\c@beamerpauses=\count81

(/usr/local/texlive/2017/texmf-dist/tex/latex/beamer/beamerbasedecode.sty
\beamer@slideinframe=\count82
\beamer@minimum=\count83
)
\beamer@commentbox=\box27
\beamer@modecount=\count84
)
(/usr/local/texlive/2017/texmf-dist/tex/generic/oberdiek/ifpdf.sty
Package: ifpdf 2017/03/15 v3.2 Provides the ifpdf switch
)
\headdp=\dimen102
\footheight=\dimen103
\sidebarheight=\dimen104
\beamer@tempdim=\dimen105
\beamer@finalheight=\dimen106
\beamer@animht=\dimen107
\beamer@animdp=\dimen108
\beamer@animwd=\dimen109
\beamer@leftmargin=\dimen110
\beamer@rightmargin=\dimen111
\beamer@leftsidebar=\dimen112
\beamer@rightsidebar=\dimen113
\beamer@boxsize=\dimen114
\beamer@vboxoffset=\dimen115
\beamer@descdefault=\dimen116
\beamer@descriptionwidth=\dimen117
\beamer@lastskip=\skip41
\beamer@areabox=\box28
\beamer@animcurrent=\box29
\beamer@animshowbox=\box30
\beamer@sectionbox=\box31
\beamer@logobox=\box32
\beamer@linebox=\box33
\beamer@sectioncount=\count85
\beamer@subsubsectionmax=\count86
\beamer@subsectionmax=\count87
\beamer@sectionmax=\count88
\beamer@totalheads=\count89
\beamer@headcounter=\count90
\beamer@partstartpage=\count91
\beamer@sectionstartpage=\count92
\beamer@subsectionstartpage=\count93
\beamer@animationtempa=\count94
\beamer@animationtempb=\count95
\beamer@xpos=\count96
\beamer@ypos=\count97
\beamer@showpartnumber=\count98
\beamer@currentsubsection=\count99
\beamer@coveringdepth=\count100
\beamer@sectionadjust=\count101
\beamer@tocsectionnumber=\count102

(/usr/local/texlive/2017/texmf-dist/tex/latex/beamer/beamerbaseoptions.sty
(/usr/local/texlive/2017/texmf-dist/tex/latex/graphics/keyval.sty
Package: keyval 2014/10/28 v1.15 key=value parser (DPC)
\KV@toks@=\toks14
))
\beamer@paperwidth=\skip42
\beamer@paperheight=\skip43

(/usr/local/texlive/2017/texmf-dist/tex/latex/geometry/geometry.sty
Package: geometry 2010/09/12 v5.6 Page Geometry

(/usr/local/texlive/2017/texmf-dist/tex/generic/oberdiek/ifvtex.sty
Package: ifvtex 2016/05/16 v1.6 Detect VTeX and its facilities (HO)
Package ifvtex Info: VTeX not detected.
)
(/usr/local/texlive/2017/texmf-dist/tex/generic/ifxetex/ifxetex.sty
Package: ifxetex 2010/09/12 v0.6 Provides ifxetex conditional
)
\Gm@cnth=\count103
\Gm@cntv=\count104
\c@Gm@tempcnt=\count105
\Gm@bindingoffset=\dimen118
\Gm@wd@mp=\dimen119
\Gm@odd@mp=\dimen120
\Gm@even@mp=\dimen121
\Gm@layoutwidth=\dimen122
\Gm@layoutheight=\dimen123
\Gm@layouthoffset=\dimen124
\Gm@layoutvoffset=\dimen125
\Gm@dimlist=\toks15
)
(/usr/local/texlive/2017/texmf-dist/tex/latex/base/size11.clo
File: size11.clo 2014/09/29 v1.4h Standard LaTeX file (size option)
)
(/usr/local/texlive/2017/texmf-dist/tex/latex/pgf/basiclayer/pgfcore.sty
(/usr/local/texlive/2017/texmf-dist/tex/latex/graphics/graphicx.sty
Package: graphicx 2017/06/01 v1.1a Enhanced LaTeX Graphics (DPC,SPQR)

(/usr/local/texlive/2017/texmf-dist/tex/latex/graphics/graphics.sty
Package: graphics 2017/06/25 v1.2c Standard LaTeX Graphics (DPC,SPQR)

(/usr/local/texlive/2017/texmf-dist/tex/latex/graphics/trig.sty
Package: trig 2016/01/03 v1.10 sin cos tan (DPC)
)
(/usr/local/texlive/2017/texmf-dist/tex/latex/graphics-cfg/graphics.cfg
File: graphics.cfg 2016/06/04 v1.11 sample graphics configuration
)
Package graphics Info: Driver file: pdftex.def on input line 99.

(/usr/local/texlive/2017/texmf-dist/tex/latex/graphics-def/pdftex.def
File: pdftex.def 2017/06/24 v1.0g Graphics/color driver for pdftex
))
\Gin@req@height=\dimen126
\Gin@req@width=\dimen127
)
(/usr/local/texlive/2017/texmf-dist/tex/latex/pgf/systemlayer/pgfsys.sty
(/usr/local/texlive/2017/texmf-dist/tex/latex/pgf/utilities/pgfrcs.sty
(/usr/local/texlive/2017/texmf-dist/tex/generic/pgf/utilities/pgfutil-common.te
x
\pgfutil@everybye=\toks16
\pgfutil@tempdima=\dimen128
\pgfutil@tempdimb=\dimen129

(/usr/local/texlive/2017/texmf-dist/tex/generic/pgf/utilities/pgfutil-common-li
sts.tex))
(/usr/local/texlive/2017/texmf-dist/tex/generic/pgf/utilities/pgfutil-latex.def
\pgfutil@abb=\box34
(/usr/local/texlive/2017/texmf-dist/tex/latex/ms/everyshi.sty
Package: everyshi 2001/05/15 v3.00 EveryShipout Package (MS)
))
(/usr/local/texlive/2017/texmf-dist/tex/generic/pgf/utilities/pgfrcs.code.tex
Package: pgfrcs 2015/08/07 v3.0.1a (rcs-revision 1.31)
))
(/usr/local/texlive/2017/texmf-dist/tex/generic/pgf/systemlayer/pgfsys.code.tex
Package: pgfsys 2014/07/09 v3.0.1a (rcs-revision 1.48)
(/usr/local/texlive/2017/texmf-dist/tex/generic/pgf/utilities/pgfkeys.code.tex
\pgfkeys@pathtoks=\toks17
\pgfkeys@temptoks=\toks18

(/usr/local/texlive/2017/texmf-dist/tex/generic/pgf/utilities/pgfkeysfiltered.c
ode.tex
\pgfkeys@tmptoks=\toks19
))
\pgf@x=\dimen130
\pgf@y=\dimen131
\pgf@xa=\dimen132
\pgf@ya=\dimen133
\pgf@xb=\dimen134
\pgf@yb=\dimen135
\pgf@xc=\dimen136
\pgf@yc=\dimen137
\w@pgf@writea=\write3
\r@pgf@reada=\read1
\c@pgf@counta=\count106
\c@pgf@countb=\count107
\c@pgf@countc=\count108
\c@pgf@countd=\count109
\t@pgf@toka=\toks20
\t@pgf@tokb=\toks21
\t@pgf@tokc=\toks22

(/usr/local/texlive/2017/texmf-dist/tex/generic/pgf/systemlayer/pgf.cfg
File: pgf.cfg 2008/05/14  (rcs-revision 1.7)
)
Driver file for pgf: pgfsys-pdftex.def

(/usr/local/texlive/2017/texmf-dist/tex/generic/pgf/systemlayer/pgfsys-pdftex.d
ef
File: pgfsys-pdftex.def 2014/10/11  (rcs-revision 1.35)

(/usr/local/texlive/2017/texmf-dist/tex/generic/pgf/systemlayer/pgfsys-common-p
df.def
File: pgfsys-common-pdf.def 2013/10/10  (rcs-revision 1.13)
)))
(/usr/local/texlive/2017/texmf-dist/tex/generic/pgf/systemlayer/pgfsyssoftpath.
code.tex
File: pgfsyssoftpath.code.tex 2013/09/09  (rcs-revision 1.9)
\pgfsyssoftpath@smallbuffer@items=\count110
\pgfsyssoftpath@bigbuffer@items=\count111
)
(/usr/local/texlive/2017/texmf-dist/tex/generic/pgf/systemlayer/pgfsysprotocol.
code.tex
File: pgfsysprotocol.code.tex 2006/10/16  (rcs-revision 1.4)
)) (/usr/local/texlive/2017/texmf-dist/tex/latex/xcolor/xcolor.sty
Package: xcolor 2016/05/11 v2.12 LaTeX color extensions (UK)

(/usr/local/texlive/2017/texmf-dist/tex/latex/graphics-cfg/color.cfg
File: color.cfg 2016/01/02 v1.6 sample color configuration
)
Package xcolor Info: Driver file: pdftex.def on input line 225.
Package xcolor Info: Model `cmy' substituted by `cmy0' on input line 1348.
Package xcolor Info: Model `hsb' substituted by `rgb' on input line 1352.
Package xcolor Info: Model `RGB' extended on input line 1364.
Package xcolor Info: Model `HTML' substituted by `rgb' on input line 1366.
Package xcolor Info: Model `Hsb' substituted by `hsb' on input line 1367.
Package xcolor Info: Model `tHsb' substituted by `hsb' on input line 1368.
Package xcolor Info: Model `HSB' substituted by `hsb' on input line 1369.
Package xcolor Info: Model `Gray' substituted by `gray' on input line 1370.
Package xcolor Info: Model `wave' substituted by `hsb' on input line 1371.
)
(/usr/local/texlive/2017/texmf-dist/tex/generic/pgf/basiclayer/pgfcore.code.tex
Package: pgfcore 2010/04/11 v3.0.1a (rcs-revision 1.7)
(/usr/local/texlive/2017/texmf-dist/tex/generic/pgf/math/pgfmath.code.tex
(/usr/local/texlive/2017/texmf-dist/tex/generic/pgf/math/pgfmathcalc.code.tex
(/usr/local/texlive/2017/texmf-dist/tex/generic/pgf/math/pgfmathutil.code.tex)
(/usr/local/texlive/2017/texmf-dist/tex/generic/pgf/math/pgfmathparser.code.tex
\pgfmath@dimen=\dimen138
\pgfmath@count=\count112
\pgfmath@box=\box35
\pgfmath@toks=\toks23
\pgfmath@stack@operand=\toks24
\pgfmath@stack@operation=\toks25
)
(/usr/local/texlive/2017/texmf-dist/tex/generic/pgf/math/pgfmathfunctions.code.
tex
(/usr/local/texlive/2017/texmf-dist/tex/generic/pgf/math/pgfmathfunctions.basic
.code.tex)
(/usr/local/texlive/2017/texmf-dist/tex/generic/pgf/math/pgfmathfunctions.trigo
nometric.code.tex)
(/usr/local/texlive/2017/texmf-dist/tex/generic/pgf/math/pgfmathfunctions.rando
m.code.tex)
(/usr/local/texlive/2017/texmf-dist/tex/generic/pgf/math/pgfmathfunctions.compa
rison.code.tex)
(/usr/local/texlive/2017/texmf-dist/tex/generic/pgf/math/pgfmathfunctions.base.
code.tex)
(/usr/local/texlive/2017/texmf-dist/tex/generic/pgf/math/pgfmathfunctions.round
.code.tex)
(/usr/local/texlive/2017/texmf-dist/tex/generic/pgf/math/pgfmathfunctions.misc.
code.tex)
(/usr/local/texlive/2017/texmf-dist/tex/generic/pgf/math/pgfmathfunctions.integ
erarithmetics.code.tex)))
(/usr/local/texlive/2017/texmf-dist/tex/generic/pgf/math/pgfmathfloat.code.tex
\c@pgfmathroundto@lastzeros=\count113
))
(/usr/local/texlive/2017/texmf-dist/tex/generic/pgf/basiclayer/pgfcorepoints.co
de.tex
File: pgfcorepoints.code.tex 2013/10/07  (rcs-revision 1.27)
\pgf@picminx=\dimen139
\pgf@picmaxx=\dimen140
\pgf@picminy=\dimen141
\pgf@picmaxy=\dimen142
\pgf@pathminx=\dimen143
\pgf@pathmaxx=\dimen144
\pgf@pathminy=\dimen145
\pgf@pathmaxy=\dimen146
\pgf@xx=\dimen147
\pgf@xy=\dimen148
\pgf@yx=\dimen149
\pgf@yy=\dimen150
\pgf@zx=\dimen151
\pgf@zy=\dimen152
)
(/usr/local/texlive/2017/texmf-dist/tex/generic/pgf/basiclayer/pgfcorepathconst
ruct.code.tex
File: pgfcorepathconstruct.code.tex 2013/10/07  (rcs-revision 1.29)
\pgf@path@lastx=\dimen153
\pgf@path@lasty=\dimen154
)
(/usr/local/texlive/2017/texmf-dist/tex/generic/pgf/basiclayer/pgfcorepathusage
.code.tex
File: pgfcorepathusage.code.tex 2014/11/02  (rcs-revision 1.24)
\pgf@shorten@end@additional=\dimen155
\pgf@shorten@start@additional=\dimen156
)
(/usr/local/texlive/2017/texmf-dist/tex/generic/pgf/basiclayer/pgfcorescopes.co
de.tex
File: pgfcorescopes.code.tex 2015/05/08  (rcs-revision 1.46)
\pgfpic=\box36
\pgf@hbox=\box37
\pgf@layerbox@main=\box38
\pgf@picture@serial@count=\count114
)
(/usr/local/texlive/2017/texmf-dist/tex/generic/pgf/basiclayer/pgfcoregraphicst
ate.code.tex
File: pgfcoregraphicstate.code.tex 2014/11/02  (rcs-revision 1.12)
\pgflinewidth=\dimen157
)
(/usr/local/texlive/2017/texmf-dist/tex/generic/pgf/basiclayer/pgfcoretransform
ations.code.tex
File: pgfcoretransformations.code.tex 2015/08/07  (rcs-revision 1.20)
\pgf@pt@x=\dimen158
\pgf@pt@y=\dimen159
\pgf@pt@temp=\dimen160
)
(/usr/local/texlive/2017/texmf-dist/tex/generic/pgf/basiclayer/pgfcorequick.cod
e.tex
File: pgfcorequick.code.tex 2008/10/09  (rcs-revision 1.3)
)
(/usr/local/texlive/2017/texmf-dist/tex/generic/pgf/basiclayer/pgfcoreobjects.c
ode.tex
File: pgfcoreobjects.code.tex 2006/10/11  (rcs-revision 1.2)
)
(/usr/local/texlive/2017/texmf-dist/tex/generic/pgf/basiclayer/pgfcorepathproce
ssing.code.tex
File: pgfcorepathprocessing.code.tex 2013/09/09  (rcs-revision 1.9)
)
(/usr/local/texlive/2017/texmf-dist/tex/generic/pgf/basiclayer/pgfcorearrows.co
de.tex
File: pgfcorearrows.code.tex 2015/05/14  (rcs-revision 1.43)
\pgfarrowsep=\dimen161
)
(/usr/local/texlive/2017/texmf-dist/tex/generic/pgf/basiclayer/pgfcoreshade.cod
e.tex
File: pgfcoreshade.code.tex 2013/07/15  (rcs-revision 1.15)
\pgf@max=\dimen162
\pgf@sys@shading@range@num=\count115
)
(/usr/local/texlive/2017/texmf-dist/tex/generic/pgf/basiclayer/pgfcoreimage.cod
e.tex
File: pgfcoreimage.code.tex 2013/07/15  (rcs-revision 1.18)

(/usr/local/texlive/2017/texmf-dist/tex/generic/pgf/basiclayer/pgfcoreexternal.
code.tex
File: pgfcoreexternal.code.tex 2014/07/09  (rcs-revision 1.21)
\pgfexternal@startupbox=\box39
))
(/usr/local/texlive/2017/texmf-dist/tex/generic/pgf/basiclayer/pgfcorelayers.co
de.tex
File: pgfcorelayers.code.tex 2013/07/18  (rcs-revision 1.7)
)
(/usr/local/texlive/2017/texmf-dist/tex/generic/pgf/basiclayer/pgfcoretranspare
ncy.code.tex
File: pgfcoretransparency.code.tex 2013/09/30  (rcs-revision 1.5)
)
(/usr/local/texlive/2017/texmf-dist/tex/generic/pgf/basiclayer/pgfcorepatterns.
code.tex
File: pgfcorepatterns.code.tex 2013/11/07  (rcs-revision 1.5)
)))
(/usr/local/texlive/2017/texmf-dist/tex/latex/pgf/utilities/xxcolor.sty
Package: xxcolor 2003/10/24 ver 0.1
\XC@nummixins=\count116
\XC@countmixins=\count117
)
(/usr/local/texlive/2017/texmf-dist/tex/generic/oberdiek/atbegshi.sty
Package: atbegshi 2016/06/09 v1.18 At begin shipout hook (HO)

(/usr/local/texlive/2017/texmf-dist/tex/generic/oberdiek/infwarerr.sty
Package: infwarerr 2016/05/16 v1.4 Providing info/warning/error messages (HO)
)
(/usr/local/texlive/2017/texmf-dist/tex/generic/oberdiek/ltxcmds.sty
Package: ltxcmds 2016/05/16 v1.23 LaTeX kernel commands for general use (HO)
))
(/usr/local/texlive/2017/texmf-dist/tex/latex/hyperref/hyperref.sty
Package: hyperref 2017/03/14 v6.85a Hypertext links for LaTeX

(/usr/local/texlive/2017/texmf-dist/tex/generic/oberdiek/hobsub-hyperref.sty
Package: hobsub-hyperref 2016/05/16 v1.14 Bundle oberdiek, subset hyperref (HO)


(/usr/local/texlive/2017/texmf-dist/tex/generic/oberdiek/hobsub-generic.sty
Package: hobsub-generic 2016/05/16 v1.14 Bundle oberdiek, subset generic (HO)
Package: hobsub 2016/05/16 v1.14 Construct package bundles (HO)
Package hobsub Info: Skipping package `infwarerr' (already loaded).
Package hobsub Info: Skipping package `ltxcmds' (already loaded).
Package: ifluatex 2016/05/16 v1.4 Provides the ifluatex switch (HO)
Package ifluatex Info: LuaTeX not detected.
Package hobsub Info: Skipping package `ifvtex' (already loaded).
Package: intcalc 2016/05/16 v1.2 Expandable calculations with integers (HO)
Package hobsub Info: Skipping package `ifpdf' (already loaded).
Package: etexcmds 2016/05/16 v1.6 Avoid name clashes with e-TeX commands (HO)
Package etexcmds Info: Could not find \expanded.
(etexcmds)             That can mean that you are not using pdfTeX 1.50 or
(etexcmds)             that some package has redefined \expanded.
(etexcmds)             In the latter case, load this package earlier.
Package: kvsetkeys 2016/05/16 v1.17 Key value parser (HO)
Package: kvdefinekeys 2016/05/16 v1.4 Define keys (HO)
Package: pdftexcmds 2017/03/19 v0.25 Utility functions of pdfTeX for LuaTeX (HO
)
Package pdftexcmds Info: LuaTeX not detected.
Package pdftexcmds Info: \pdf@primitive is available.
Package pdftexcmds Info: \pdf@ifprimitive is available.
Package pdftexcmds Info: \pdfdraftmode found.
Package: pdfescape 2016/05/16 v1.14 Implements pdfTeX's escape features (HO)
Package: bigintcalc 2016/05/16 v1.4 Expandable calculations on big integers (HO
)
Package: bitset 2016/05/16 v1.2 Handle bit-vector datatype (HO)
Package: uniquecounter 2016/05/16 v1.3 Provide unlimited unique counter (HO)
)
Package hobsub Info: Skipping package `hobsub' (already loaded).
Package: letltxmacro 2016/05/16 v1.5 Let assignment for LaTeX macros (HO)
Package: hopatch 2016/05/16 v1.3 Wrapper for package hooks (HO)
Package: xcolor-patch 2016/05/16 xcolor patch
Package: atveryend 2016/05/16 v1.9 Hooks at the very end of document (HO)
Package hobsub Info: Skipping package `atbegshi' (already loaded).
Package: refcount 2016/05/16 v3.5 Data extraction from label references (HO)
Package: hycolor 2016/05/16 v1.8 Color options for hyperref/bookmark (HO)
)
(/usr/local/texlive/2017/texmf-dist/tex/latex/oberdiek/auxhook.sty
Package: auxhook 2016/05/16 v1.4 Hooks for auxiliary files (HO)
)
(/usr/local/texlive/2017/texmf-dist/tex/latex/oberdiek/kvoptions.sty
Package: kvoptions 2016/05/16 v3.12 Key value format for package options (HO)
)
\@linkdim=\dimen163
\Hy@linkcounter=\count118
\Hy@pagecounter=\count119

(/usr/local/texlive/2017/texmf-dist/tex/latex/hyperref/pd1enc.def
File: pd1enc.def 2017/03/14 v6.85a Hyperref: PDFDocEncoding definition (HO)
)
\Hy@SavedSpaceFactor=\count120

(/usr/local/texlive/2017/texmf-dist/tex/latex/latexconfig/hyperref.cfg
File: hyperref.cfg 2002/06/06 v1.2 hyperref configuration of TeXLive
)
Package hyperref Info: Option `bookmarks' set `true' on input line 4374.
Package hyperref Info: Option `bookmarksopen' set `true' on input line 4374.
Package hyperref Info: Option `implicit' set `false' on input line 4374.
Package hyperref Info: Hyper figures OFF on input line 4498.
Package hyperref Info: Link nesting OFF on input line 4503.
Package hyperref Info: Hyper index ON on input line 4506.
Package hyperref Info: Plain pages OFF on input line 4513.
Package hyperref Info: Backreferencing OFF on input line 4518.
Package hyperref Info: Implicit mode OFF; no redefinition of LaTeX internals.
Package hyperref Info: Bookmarks ON on input line 4751.
\c@Hy@tempcnt=\count121

(/usr/local/texlive/2017/texmf-dist/tex/latex/url/url.sty
\Urlmuskip=\muskip10
Package: url 2013/09/16  ver 3.4  Verb mode for urls, etc.
)
LaTeX Info: Redefining \url on input line 5104.
\XeTeXLinkMargin=\dimen164
\Fld@menulength=\count122
\Field@Width=\dimen165
\Fld@charsize=\dimen166
Package hyperref Info: Hyper figures OFF on input line 6358.
Package hyperref Info: Link nesting OFF on input line 6363.
Package hyperref Info: Hyper index ON on input line 6366.
Package hyperref Info: backreferencing OFF on input line 6373.
Package hyperref Info: Link coloring OFF on input line 6378.
Package hyperref Info: Link coloring with OCG OFF on input line 6383.
Package hyperref Info: PDF/A mode OFF on input line 6388.
LaTeX Info: Redefining \ref on input line 6428.
LaTeX Info: Redefining \pageref on input line 6432.
\Hy@abspage=\count123


Package hyperref Message: Stopped early.

)

Package hyperref Message: Driver (autodetected): hpdftex.

(/usr/local/texlive/2017/texmf-dist/tex/latex/hyperref/hpdftex.def
File: hpdftex.def 2017/03/14 v6.85a Hyperref driver for pdfTeX
\Fld@listcount=\count124
\c@bookmark@seq@number=\count125

(/usr/local/texlive/2017/texmf-dist/tex/latex/oberdiek/rerunfilecheck.sty
Package: rerunfilecheck 2016/05/16 v1.8 Rerun checks for auxiliary files (HO)
Package uniquecounter Info: New unique counter `rerunfilecheck' on input line 2
82.
))
(/usr/local/texlive/2017/texmf-dist/tex/latex/beamer/beamerbaserequires.sty
(/usr/local/texlive/2017/texmf-dist/tex/latex/beamer/beamerbasecompatibility.st
y) (/usr/local/texlive/2017/texmf-dist/tex/latex/beamer/beamerbasefont.sty
(/usr/local/texlive/2017/texmf-dist/tex/latex/amsfonts/amssymb.sty
Package: amssymb 2013/01/14 v3.01 AMS font symbols

(/usr/local/texlive/2017/texmf-dist/tex/latex/amsfonts/amsfonts.sty
Package: amsfonts 2013/01/14 v3.01 Basic AMSFonts support
\@emptytoks=\toks26
\symAMSa=\mathgroup4
\symAMSb=\mathgroup5
LaTeX Font Info:    Overwriting math alphabet `\mathfrak' in version `bold'
(Font)                  U/euf/m/n --> U/euf/b/n on input line 106.
))
(/usr/local/texlive/2017/texmf-dist/tex/latex/sansmathaccent/sansmathaccent.sty
Package: sansmathaccent 2013/03/28
(/usr/local/texlive/2017/texmf-dist/tex/latex/filehook/filehook.sty
Package: filehook 2011/10/12 v0.5d Hooks for input files
)))
(/usr/local/texlive/2017/texmf-dist/tex/latex/beamer/beamerbasetranslator.sty
(/usr/local/texlive/2017/texmf-dist/tex/latex/beamer/translator/translator.sty
Package: translator 2010/06/12 ver 1.10

(/usr/local/texlive/2017/texmf-dist/tex/latex/beamer/translator/translator-lang
uage-mappings.tex)))
(/usr/local/texlive/2017/texmf-dist/tex/latex/beamer/beamerbasemisc.sty)
(/usr/local/texlive/2017/texmf-dist/tex/latex/beamer/beamerbasetwoscreens.sty)
(/usr/local/texlive/2017/texmf-dist/tex/latex/beamer/beamerbaseoverlay.sty
\beamer@argscount=\count126
\beamer@lastskipcover=\skip44
\beamer@trivlistdepth=\count127
)
(/usr/local/texlive/2017/texmf-dist/tex/latex/beamer/beamerbasetitle.sty)
(/usr/local/texlive/2017/texmf-dist/tex/latex/beamer/beamerbasesection.sty
\c@lecture=\count128
\c@part=\count129
\c@section=\count130
\c@subsection=\count131
\c@subsubsection=\count132
)
(/usr/local/texlive/2017/texmf-dist/tex/latex/beamer/beamerbaseframe.sty
\beamer@framebox=\box40
\beamer@frametitlebox=\box41
\beamer@zoombox=\box42
\beamer@zoomcount=\count133
\beamer@zoomframecount=\count134
\beamer@frametextheight=\dimen167
\c@subsectionslide=\count135
\beamer@frametopskip=\skip45
\beamer@framebottomskip=\skip46
\beamer@frametopskipautobreak=\skip47
\beamer@framebottomskipautobreak=\skip48
\beamer@envbody=\toks27
\framewidth=\dimen168
\c@framenumber=\count136
)
(/usr/local/texlive/2017/texmf-dist/tex/latex/beamer/beamerbaseverbatim.sty
\beamer@verbatimfileout=\write4
)
(/usr/local/texlive/2017/texmf-dist/tex/latex/beamer/beamerbaseframesize.sty
\beamer@splitbox=\box43
\beamer@autobreakcount=\count137
\beamer@autobreaklastheight=\dimen169
\beamer@frametitletoks=\toks28
\beamer@framesubtitletoks=\toks29
)
(/usr/local/texlive/2017/texmf-dist/tex/latex/beamer/beamerbaseframecomponents.
sty
\beamer@footins=\box44
) (/usr/local/texlive/2017/texmf-dist/tex/latex/beamer/beamerbasecolor.sty
\beamer@bg@ht=\dimen170
\beamer@bg@wd=\dimen171
\beamer@bg@dp=\dimen172
)
(/usr/local/texlive/2017/texmf-dist/tex/latex/beamer/beamerbasenotes.sty
\beamer@frameboxcopy=\box45
)
(/usr/local/texlive/2017/texmf-dist/tex/latex/beamer/beamerbasetoc.sty)
(/usr/local/texlive/2017/texmf-dist/tex/latex/beamer/beamerbasetemplates.sty
\beamer@sbttoks=\toks30

(/usr/local/texlive/2017/texmf-dist/tex/latex/beamer/beamerbaseauxtemplates.sty
(/usr/local/texlive/2017/texmf-dist/tex/latex/beamer/beamerbaseboxes.sty
\bmb@box=\box46
\bmb@colorbox=\box47
\bmb@boxshadow=\box48
\bmb@boxshadowball=\box49
\bmb@boxshadowballlarge=\box50
\bmb@temp=\dimen173
\bmb@dima=\dimen174
\bmb@dimb=\dimen175
\bmb@prevheight=\dimen176
)
\beamer@blockheadheight=\dimen177
))
(/usr/local/texlive/2017/texmf-dist/tex/latex/beamer/beamerbaselocalstructure.s
ty (/usr/local/texlive/2017/texmf-dist/tex/latex/tools/enumerate.sty
Package: enumerate 2015/07/23 v3.00 enumerate extensions (DPC)
\@enLab=\toks31
)
\c@figure=\count138
\c@table=\count139
\abovecaptionskip=\skip49
\belowcaptionskip=\skip50
)
(/usr/local/texlive/2017/texmf-dist/tex/latex/beamer/beamerbasenavigation.sty
\beamer@section@min@dim=\dimen178
)
(/usr/local/texlive/2017/texmf-dist/tex/latex/beamer/beamerbasetheorems.sty
(/usr/local/texlive/2017/texmf-dist/tex/latex/amsmath/amsmath.sty
Package: amsmath 2017/09/02 v2.17a AMS math features
\@mathmargin=\skip51

For additional information on amsmath, use the `?' option.
(/usr/local/texlive/2017/texmf-dist/tex/latex/amsmath/amstext.sty
Package: amstext 2000/06/29 v2.01 AMS text

(/usr/local/texlive/2017/texmf-dist/tex/latex/amsmath/amsgen.sty
File: amsgen.sty 1999/11/30 v2.0 generic functions
\@emptytoks=\toks32
\ex@=\dimen179
))
(/usr/local/texlive/2017/texmf-dist/tex/latex/amsmath/amsbsy.sty
Package: amsbsy 1999/11/29 v1.2d Bold Symbols
\pmbraise@=\dimen180
)
(/usr/local/texlive/2017/texmf-dist/tex/latex/amsmath/amsopn.sty
Package: amsopn 2016/03/08 v2.02 operator names
)
\inf@bad=\count140
LaTeX Info: Redefining \frac on input line 213.
\uproot@=\count141
\leftroot@=\count142
LaTeX Info: Redefining \overline on input line 375.
\classnum@=\count143
\DOTSCASE@=\count144
LaTeX Info: Redefining \ldots on input line 472.
LaTeX Info: Redefining \dots on input line 475.
LaTeX Info: Redefining \cdots on input line 596.
\Mathstrutbox@=\box51
\strutbox@=\box52
\big@size=\dimen181
LaTeX Font Info:    Redeclaring font encoding OML on input line 712.
LaTeX Font Info:    Redeclaring font encoding OMS on input line 713.
\macc@depth=\count145
\c@MaxMatrixCols=\count146
\dotsspace@=\muskip11
\c@parentequation=\count147
\dspbrk@lvl=\count148
\tag@help=\toks33
\row@=\count149
\column@=\count150
\maxfields@=\count151
\andhelp@=\toks34
\eqnshift@=\dimen182
\alignsep@=\dimen183
\tagshift@=\dimen184
\tagwidth@=\dimen185
\totwidth@=\dimen186
\lineht@=\dimen187
\@envbody=\toks35
\multlinegap=\skip52
\multlinetaggap=\skip53
\mathdisplay@stack=\toks36
LaTeX Info: Redefining \[ on input line 2817.
LaTeX Info: Redefining \] on input line 2818.
)
(/usr/local/texlive/2017/texmf-dist/tex/latex/amscls/amsthm.sty
Package: amsthm 2015/03/04 v2.20.2
\thm@style=\toks37
\thm@bodyfont=\toks38
\thm@headfont=\toks39
\thm@notefont=\toks40
\thm@headpunct=\toks41
\thm@preskip=\skip54
\thm@postskip=\skip55
\thm@headsep=\skip56
\dth@everypar=\toks42
)
\c@theorem=\count152
)
(/usr/local/texlive/2017/texmf-dist/tex/latex/beamer/beamerbasethemes.sty))
(/usr/local/texlive/2017/texmf-dist/tex/latex/beamer/themes/theme/beamerthemede
fault.sty
(/usr/local/texlive/2017/texmf-dist/tex/latex/beamer/themes/font/beamerfontthem
edefault.sty)
(/usr/local/texlive/2017/texmf-dist/tex/latex/beamer/themes/color/beamercolorth
emedefault.sty)
(/usr/local/texlive/2017/texmf-dist/tex/latex/beamer/themes/inner/beamerinnerth
emedefault.sty
\beamer@dima=\dimen188
\beamer@dimb=\dimen189
)
(/usr/local/texlive/2017/texmf-dist/tex/latex/beamer/themes/outer/beamerouterth
emedefault.sty)))
(/Users/marco/Library/texmf/tex/latex/metropolis/beamerthememetropolis.sty
Package: beamerthememetropolis 2017/01/23 v1.2 Metropolis Beamer theme

(/usr/local/texlive/2017/texmf-dist/tex/latex/pgfopts/pgfopts.sty
Package: pgfopts 2014/07/10 v2.1a LaTeX package options with pgfkeys

(/usr/local/texlive/2017/texmf-dist/tex/latex/pgf/utilities/pgfkeys.sty
(/usr/local/texlive/2017/texmf-dist/tex/generic/pgf/utilities/pgfkeys.code.tex)
)
\pgfopts@list@add@a@toks=\toks43
\pgfopts@list@add@b@toks=\toks44
)
(/Users/marco/Library/texmf/tex/latex/metropolis/beamerinnerthememetropolis.sty
Package: beamerinnerthememetropolis 2017/01/23 Metropolis inner theme
(/usr/local/texlive/2017/texmf-dist/tex/latex/tools/calc.sty
Package: calc 2014/10/28 v4.3 Infix arithmetic (KKT,FJ)
\calc@Acount=\count153
\calc@Bcount=\count154
\calc@Adimen=\dimen190
\calc@Bdimen=\dimen191
\calc@Askip=\skip57
\calc@Bskip=\skip58
LaTeX Info: Redefining \setlength on input line 80.
LaTeX Info: Redefining \addtolength on input line 81.
\calc@Ccount=\count155
\calc@Cskip=\skip59
)
(/usr/local/texlive/2017/texmf-dist/tex/latex/pgf/frontendlayer/tikz.sty
(/usr/local/texlive/2017/texmf-dist/tex/latex/pgf/basiclayer/pgf.sty
Package: pgf 2015/08/07 v3.0.1a (rcs-revision 1.15)

(/usr/local/texlive/2017/texmf-dist/tex/generic/pgf/modules/pgfmoduleshapes.cod
e.tex
File: pgfmoduleshapes.code.tex 2014/03/21  (rcs-revision 1.35)
\pgfnodeparttextbox=\box53
)
(/usr/local/texlive/2017/texmf-dist/tex/generic/pgf/modules/pgfmoduleplot.code.
tex
File: pgfmoduleplot.code.tex 2015/08/03  (rcs-revision 1.13)
)
(/usr/local/texlive/2017/texmf-dist/tex/latex/pgf/compatibility/pgfcomp-version
-0-65.sty
Package: pgfcomp-version-0-65 2007/07/03 v3.0.1a (rcs-revision 1.7)
\pgf@nodesepstart=\dimen192
\pgf@nodesepend=\dimen193
)
(/usr/local/texlive/2017/texmf-dist/tex/latex/pgf/compatibility/pgfcomp-version
-1-18.sty
Package: pgfcomp-version-1-18 2007/07/23 v3.0.1a (rcs-revision 1.1)
))
(/usr/local/texlive/2017/texmf-dist/tex/latex/pgf/utilities/pgffor.sty
(/usr/local/texlive/2017/texmf-dist/tex/latex/pgf/math/pgfmath.sty
(/usr/local/texlive/2017/texmf-dist/tex/generic/pgf/math/pgfmath.code.tex))
(/usr/local/texlive/2017/texmf-dist/tex/generic/pgf/utilities/pgffor.code.tex
Package: pgffor 2013/12/13 v3.0.1a (rcs-revision 1.25)

(/usr/local/texlive/2017/texmf-dist/tex/generic/pgf/math/pgfmath.code.tex)
\pgffor@iter=\dimen194
\pgffor@skip=\dimen195
\pgffor@stack=\toks45
\pgffor@toks=\toks46
))
(/usr/local/texlive/2017/texmf-dist/tex/generic/pgf/frontendlayer/tikz/tikz.cod
e.tex
Package: tikz 2015/08/07 v3.0.1a (rcs-revision 1.151)

(/usr/local/texlive/2017/texmf-dist/tex/generic/pgf/libraries/pgflibraryplothan
dlers.code.tex
File: pgflibraryplothandlers.code.tex 2013/08/31 v3.0.1a (rcs-revision 1.20)
\pgf@plot@mark@count=\count156
\pgfplotmarksize=\dimen196
)
\tikz@lastx=\dimen197
\tikz@lasty=\dimen198
\tikz@lastxsaved=\dimen199
\tikz@lastysaved=\dimen256
\tikzleveldistance=\dimen257
\tikzsiblingdistance=\dimen258
\tikz@figbox=\box54
\tikz@figbox@bg=\box55
\tikz@tempbox=\box56
\tikz@tempbox@bg=\box57
\tikztreelevel=\count157
\tikznumberofchildren=\count158
\tikznumberofcurrentchild=\count159
\tikz@fig@count=\count160

(/usr/local/texlive/2017/texmf-dist/tex/generic/pgf/modules/pgfmodulematrix.cod
e.tex
File: pgfmodulematrix.code.tex 2013/09/17  (rcs-revision 1.8)
\pgfmatrixcurrentrow=\count161
\pgfmatrixcurrentcolumn=\count162
\pgf@matrix@numberofcolumns=\count163
)
\tikz@expandcount=\count164

(/usr/local/texlive/2017/texmf-dist/tex/generic/pgf/frontendlayer/tikz/librarie
s/tikzlibrarytopaths.code.tex
File: tikzlibrarytopaths.code.tex 2008/06/17 v3.0.1a (rcs-revision 1.2)
)))
\metropolis@titleseparator@linewidth=\skip60
\metropolis@progressonsectionpage=\skip61
\metropolis@progressonsectionpage@linewidth=\skip62
\metropolis@blocksep=\skip63
\metropolis@blockadjust=\skip64
\metropolis@parskip=\skip65
)
(/Users/marco/Library/texmf/tex/latex/metropolis/beamerouterthememetropolis.sty
Package: beamerouterthememetropolis 2017/01/23 Metropolis outer theme
\metropolis@frametitle@padding=\skip66
\metropolis@progressinheadfoot=\skip67
\metropolis@progressinheadfoot@linewidth=\skip68
)
(/Users/marco/Library/texmf/tex/latex/metropolis/beamercolorthememetropolis.sty
Package: beamercolorthememetropolis 2017/01/23 Metropolis color theme
)
(/Users/marco/Library/texmf/tex/latex/metropolis/beamerfontthememetropolis.sty
Package: beamerfontthememetropolis 2017/01/23 Metropolis font theme


Package beamerthememetropolis Warning: You need to compile with XeLaTeX or LuaL
aTeX to use the Fira fonts on input line 95.

)) (/usr/local/texlive/2017/texmf-dist/tex/latex/pdfcomment/pdfcomment.sty
Package: pdfcomment 2016/06/13 pdfcomment.sty v2.4 - Josef Kleber (C) 2008-2012
, 2015-2016

(/usr/local/texlive/2017/texmf-dist/tex/latex/xkeyval/xkeyval.sty
Package: xkeyval 2014/12/03 v2.7a package option processing (HA)

(/usr/local/texlive/2017/texmf-dist/tex/generic/xkeyval/xkeyval.tex
(/usr/local/texlive/2017/texmf-dist/tex/generic/xkeyval/xkvutils.tex
\XKV@toks=\toks47
\XKV@tempa@toks=\toks48
)
\XKV@depth=\count165
File: xkeyval.tex 2014/12/03 v2.7a key=value parser (HA)
))
\c@pc@count@i=\count166
\c@pc@count@ii=\count167
\c@pc@count@iii=\count168
\c@pc@count@iv=\count169
\pc@mathannot@box=\box58
\pc@nullbox=\box59
\pc@dima=\skip69
\pc@dimb=\skip70
\pc@Sposx=\skip71
\pc@Sposy=\skip72
\pc@Eposx=\skip73
\pc@Eposy=\skip74
\pc@column=\skip75
\pc@box@width=\skip76
\pc@box@height=\skip77
\pc@box@depth=\skip78

(/usr/local/texlive/2017/texmf-dist/tex/latex/datetime2/datetime2.sty
Package: datetime2 2016/07/12 v1.5.2 (NLCT) date and time formats

(/usr/local/texlive/2017/texmf-dist/tex/latex/tracklang/tracklang.sty
Package: tracklang 2017/03/25 v1.3.4 (NLCT) Track Languages

(/usr/local/texlive/2017/texmf-dist/tex/generic/tracklang/tracklang.tex))
(/usr/local/texlive/2017/texmf-dist/tex/latex/datetime2-english/datetime2-engli
sh.ldf
File: datetime2-english.ldf 2016/03/09 v1.04 (NLCT)

(/usr/local/texlive/2017/texmf-dist/tex/latex/datetime2-english/datetime2-engli
sh-base.ldf
File: datetime2-english-base.ldf 2016/03/09 v1.04 (NLCT)
)))
(/usr/local/texlive/2017/texmf-dist/tex/latex/oberdiek/zref-savepos.sty
Package: zref-savepos 2016/05/21 v2.26 Module savepos for zref (HO)

(/usr/local/texlive/2017/texmf-dist/tex/latex/oberdiek/zref-base.sty
Package: zref-base 2016/05/21 v2.26 Module base for zref (HO)
Package zref Info: New property list: main on input line 759.
Package zref Info: New property: default on input line 760.
Package zref Info: New property: page on input line 761.
)
Package zref Info: New property list: savepos on input line 80.
Package zref Info: New property: posx on input line 81.
Package zref Info: New property: posy on input line 82.
)
\c@zref@unique=\count170

(/usr/local/texlive/2017/texmf-dist/tex/latex/base/ifthen.sty
Package: ifthen 2014/09/29 v1.1c Standard LaTeX ifthen package (DPC)
)
(/usr/local/texlive/2017/texmf-dist/tex/latex/marginnote/marginnote.sty
Package: marginnote 2017/04/22 v1.2b non floating margin notes for LaTeX
\c@mn@abspage=\count171
)
(/usr/local/texlive/2017/texmf-dist/tex/latex/bezos/soulpos.sty
Package: soulpos 2012/02/25 v1.0 Fancy underlining
\ulp@subcnt=\count172
\ulp@cnt=\count173
\ulp@out=\write5
\ulp@in=\read2
\ulwidth=\dimen259
)

Package hyperref Warning: Option `pdftex' has already been used,
(hyperref)                setting the option has no effect on input line 1359.

Package zref Info: New property list: pdfcomment on input line 2724.
Package zref Info: New property: PCPDFOBJID on input line 2725.
) (/usr/local/texlive/2017/texmf-dist/tex/latex/booktabs/booktabs.sty
Package: booktabs 2016/04/27 v1.618033 publication quality tables
\heavyrulewidth=\dimen260
\lightrulewidth=\dimen261
\cmidrulewidth=\dimen262
\belowrulesep=\dimen263
\belowbottomsep=\dimen264
\aboverulesep=\dimen265
\abovetopsep=\dimen266
\cmidrulesep=\dimen267
\cmidrulekern=\dimen268
\defaultaddspace=\dimen269
\@cmidla=\count174
\@cmidlb=\count175
\@aboverulesep=\dimen270
\@belowrulesep=\dimen271
\@thisruleclass=\count176
\@lastruleclass=\count177
\@thisrulewidth=\dimen272
)
(/usr/local/texlive/2017/texmf-dist/tex/latex/natbib/natbib.sty
Package: natbib 2010/09/13 8.31b (PWD, AO)
\bibhang=\skip79
\bibsep=\skip80
LaTeX Info: Redefining \cite on input line 694.
\c@NAT@ctr=\count178
)
(/usr/local/texlive/2017/texmf-dist/tex/latex/multirow/multirow.sty
Package: multirow 2016/11/25 v2.2 Span multiple rows of a table
\multirow@colwidth=\skip81
\multirow@cntb=\count179
\multirow@dima=\skip82
\bigstrutjot=\dimen273
)
(/usr/local/texlive/2017/texmf-dist/tex/latex/textpos/textpos.sty
Package: textpos 2016/06/07 v1.8

Package: textpos 2016/06/07 1.8, absolute positioning of text on the page
\TP@textbox=\box60
\TP@holdbox=\box61
\TPHorizModule=\dimen274
\TPVertModule=\dimen275
\TP@margin=\dimen276
\TP@absmargin=\dimen277
Grid set 16 x 16 = 22.7622pt x 17.07166pt
\TPboxrulesize=\dimen278
\TP@ox=\dimen279
\TP@oy=\dimen280
\TP@tbargs=\toks49
\TP@prevdepth=\dimen281
TextBlockOrigin set to 0pt x 0pt
) (./Sweave.sty
Package: Sweave 

(/usr/local/texlive/2017/texmf-dist/tex/latex/fancyvrb/fancyvrb.sty
Package: fancyvrb 2008/02/07

Style option: `fancyvrb' v2.7a, with DG/SPQR fixes, and firstline=lastline fix 
<2008/02/07> (tvz)
\FV@CodeLineNo=\count180
\FV@InFile=\read3
\FV@TabBox=\box62
\c@FancyVerbLine=\count181
\FV@StepNumber=\count182
\FV@OutFile=\write6
)
(/usr/local/texlive/2017/texmf-dist/tex/latex/base/textcomp.sty
Package: textcomp 2017/04/05 v2.0i Standard LaTeX package
Package textcomp Info: Sub-encoding information:
(textcomp)               5 = only ISO-Adobe without \textcurrency
(textcomp)               4 = 5 + \texteuro
(textcomp)               3 = 4 + \textohm
(textcomp)               2 = 3 + \textestimated + \textcurrency
(textcomp)               1 = TS1 - \textcircled - \t
(textcomp)               0 = TS1 (full)
(textcomp)             Font families with sub-encoding setting implement
(textcomp)             only a restricted character set as indicated.
(textcomp)             Family '?' is the default used for unknown fonts.
(textcomp)             See the documentation for details.
Package textcomp Info: Setting ? sub-encoding to TS1/1 on input line 79.

(/usr/local/texlive/2017/texmf-dist/tex/latex/base/ts1enc.def
File: ts1enc.def 2001/06/05 v3.0e (jk/car/fm) Standard LaTeX file
)
LaTeX Info: Redefining \oldstylenums on input line 334.
Package textcomp Info: Setting cmr sub-encoding to TS1/0 on input line 349.
Package textcomp Info: Setting cmss sub-encoding to TS1/0 on input line 350.
Package textcomp Info: Setting cmtt sub-encoding to TS1/0 on input line 351.
Package textcomp Info: Setting cmvtt sub-encoding to TS1/0 on input line 352.
Package textcomp Info: Setting cmbr sub-encoding to TS1/0 on input line 353.
Package textcomp Info: Setting cmtl sub-encoding to TS1/0 on input line 354.
Package textcomp Info: Setting ccr sub-encoding to TS1/0 on input line 355.
Package textcomp Info: Setting ptm sub-encoding to TS1/4 on input line 356.
Package textcomp Info: Setting pcr sub-encoding to TS1/4 on input line 357.
Package textcomp Info: Setting phv sub-encoding to TS1/4 on input line 358.
Package textcomp Info: Setting ppl sub-encoding to TS1/3 on input line 359.
Package textcomp Info: Setting pag sub-encoding to TS1/4 on input line 360.
Package textcomp Info: Setting pbk sub-encoding to TS1/4 on input line 361.
Package textcomp Info: Setting pnc sub-encoding to TS1/4 on input line 362.
Package textcomp Info: Setting pzc sub-encoding to TS1/4 on input line 363.
Package textcomp Info: Setting bch sub-encoding to TS1/4 on input line 364.
Package textcomp Info: Setting put sub-encoding to TS1/5 on input line 365.
Package textcomp Info: Setting uag sub-encoding to TS1/5 on input line 366.
Package textcomp Info: Setting ugq sub-encoding to TS1/5 on input line 367.
Package textcomp Info: Setting ul8 sub-encoding to TS1/4 on input line 368.
Package textcomp Info: Setting ul9 sub-encoding to TS1/4 on input line 369.
Package textcomp Info: Setting augie sub-encoding to TS1/5 on input line 370.
Package textcomp Info: Setting dayrom sub-encoding to TS1/3 on input line 371.
Package textcomp Info: Setting dayroms sub-encoding to TS1/3 on input line 372.

Package textcomp Info: Setting pxr sub-encoding to TS1/0 on input line 373.
Package textcomp Info: Setting pxss sub-encoding to TS1/0 on input line 374.
Package textcomp Info: Setting pxtt sub-encoding to TS1/0 on input line 375.
Package textcomp Info: Setting txr sub-encoding to TS1/0 on input line 376.
Package textcomp Info: Setting txss sub-encoding to TS1/0 on input line 377.
Package textcomp Info: Setting txtt sub-encoding to TS1/0 on input line 378.
Package textcomp Info: Setting lmr sub-encoding to TS1/0 on input line 379.
Package textcomp Info: Setting lmdh sub-encoding to TS1/0 on input line 380.
Package textcomp Info: Setting lmss sub-encoding to TS1/0 on input line 381.
Package textcomp Info: Setting lmssq sub-encoding to TS1/0 on input line 382.
Package textcomp Info: Setting lmvtt sub-encoding to TS1/0 on input line 383.
Package textcomp Info: Setting lmtt sub-encoding to TS1/0 on input line 384.
Package textcomp Info: Setting qhv sub-encoding to TS1/0 on input line 385.
Package textcomp Info: Setting qag sub-encoding to TS1/0 on input line 386.
Package textcomp Info: Setting qbk sub-encoding to TS1/0 on input line 387.
Package textcomp Info: Setting qcr sub-encoding to TS1/0 on input line 388.
Package textcomp Info: Setting qcs sub-encoding to TS1/0 on input line 389.
Package textcomp Info: Setting qpl sub-encoding to TS1/0 on input line 390.
Package textcomp Info: Setting qtm sub-encoding to TS1/0 on input line 391.
Package textcomp Info: Setting qzc sub-encoding to TS1/0 on input line 392.
Package textcomp Info: Setting qhvc sub-encoding to TS1/0 on input line 393.
Package textcomp Info: Setting futs sub-encoding to TS1/4 on input line 394.
Package textcomp Info: Setting futx sub-encoding to TS1/4 on input line 395.
Package textcomp Info: Setting futj sub-encoding to TS1/4 on input line 396.
Package textcomp Info: Setting hlh sub-encoding to TS1/3 on input line 397.
Package textcomp Info: Setting hls sub-encoding to TS1/3 on input line 398.
Package textcomp Info: Setting hlst sub-encoding to TS1/3 on input line 399.
Package textcomp Info: Setting hlct sub-encoding to TS1/5 on input line 400.
Package textcomp Info: Setting hlx sub-encoding to TS1/5 on input line 401.
Package textcomp Info: Setting hlce sub-encoding to TS1/5 on input line 402.
Package textcomp Info: Setting hlcn sub-encoding to TS1/5 on input line 403.
Package textcomp Info: Setting hlcw sub-encoding to TS1/5 on input line 404.
Package textcomp Info: Setting hlcf sub-encoding to TS1/5 on input line 405.
Package textcomp Info: Setting pplx sub-encoding to TS1/3 on input line 406.
Package textcomp Info: Setting pplj sub-encoding to TS1/3 on input line 407.
Package textcomp Info: Setting ptmx sub-encoding to TS1/4 on input line 408.
Package textcomp Info: Setting ptmj sub-encoding to TS1/4 on input line 409.
)
(/usr/local/texlive/2017/texmf-dist/tex/latex/base/fontenc.sty
Package: fontenc 2017/04/05 v2.0i Standard LaTeX package

(/usr/local/texlive/2017/texmf-dist/tex/latex/base/t1enc.def
File: t1enc.def 2017/04/05 v2.0i Standard LaTeX file
LaTeX Font Info:    Redeclaring font encoding T1 on input line 48.
))
(/usr/local/texlive/2017/texmf-dist/tex/latex/ae/ae.sty
Package: ae 2001/02/12 1.3 Almost European Computer Modern

(/usr/local/texlive/2017/texmf-dist/tex/latex/base/fontenc.sty
Package: fontenc 2017/04/05 v2.0i Standard LaTeX package

(/usr/local/texlive/2017/texmf-dist/tex/latex/base/t1enc.def
File: t1enc.def 2017/04/05 v2.0i Standard LaTeX file
LaTeX Font Info:    Redeclaring font encoding T1 on input line 48.
)
LaTeX Font Info:    Try loading font information for T1+aer on input line 105.

(/usr/local/texlive/2017/texmf-dist/tex/latex/ae/t1aer.fd
File: t1aer.fd 1997/11/16 Font definitions for T1/aer.
)))) (./R_intro.aux)
\openout1 = `R_intro.aux'.

LaTeX Font Info:    Checking defaults for OML/cmm/m/it on input line 55.
LaTeX Font Info:    ... okay on input line 55.
LaTeX Font Info:    Checking defaults for T1/cmr/m/n on input line 55.
LaTeX Font Info:    ... okay on input line 55.
LaTeX Font Info:    Checking defaults for OT1/cmr/m/n on input line 55.
LaTeX Font Info:    ... okay on input line 55.
LaTeX Font Info:    Checking defaults for OMS/cmsy/m/n on input line 55.
LaTeX Font Info:    ... okay on input line 55.
LaTeX Font Info:    Checking defaults for OMX/cmex/m/n on input line 55.
LaTeX Font Info:    ... okay on input line 55.
LaTeX Font Info:    Checking defaults for U/cmr/m/n on input line 55.
LaTeX Font Info:    ... okay on input line 55.
LaTeX Font Info:    Checking defaults for PD1/pdf/m/n on input line 55.
LaTeX Font Info:    ... okay on input line 55.
LaTeX Font Info:    Checking defaults for TS1/cmr/m/n on input line 55.
LaTeX Font Info:    Try loading font information for TS1+cmr on input line 55.

(/usr/local/texlive/2017/texmf-dist/tex/latex/base/ts1cmr.fd
File: ts1cmr.fd 2014/09/29 v2.5h Standard LaTeX font definitions
)
LaTeX Font Info:    ... okay on input line 55.
LaTeX Font Info:    Try loading font information for T1+aess on input line 55.

(/usr/local/texlive/2017/texmf-dist/tex/latex/ae/t1aess.fd
File: t1aess.fd 1997/11/16 Font definitions for T1/aess.
)
*geometry* driver: auto-detecting
*geometry* detected driver: pdftex
*geometry* verbose mode - [ preamble ] result:
* driver: pdftex
* paper: custom
* layout: <same size as paper>
* layoutoffset:(h,v)=(0.0pt,0.0pt)
* modes: includehead includefoot 
* h-part:(L,W,R)=(28.45274pt, 307.28987pt, 28.45274pt)
* v-part:(T,H,B)=(0.0pt, 273.14662pt, 0.0pt)
* \paperwidth=364.19536pt
* \paperheight=273.14662pt
* \textwidth=307.28987pt
* \textheight=244.6939pt
* \oddsidemargin=-43.81725pt
* \evensidemargin=-43.81725pt
* \topmargin=-72.26999pt
* \headheight=14.22636pt
* \headsep=0.0pt
* \topskip=11.0pt
* \footskip=14.22636pt
* \marginparwidth=4.0pt
* \marginparsep=10.0pt
* \columnsep=10.0pt
* \skip\footins=10.0pt plus 4.0pt minus 2.0pt
* \hoffset=0.0pt
* \voffset=0.0pt
* \mag=1000
* \@twocolumnfalse
* \@twosidefalse
* \@mparswitchfalse
* \@reversemarginfalse
* (1in=72.27pt=25.4mm, 1cm=28.453pt)

(/usr/local/texlive/2017/texmf-dist/tex/context/base/mkii/supp-pdf.mkii
[Loading MPS to PDF converter (version 2006.09.02).]
\scratchcounter=\count183
\scratchdimen=\dimen282
\scratchbox=\box63
\nofMPsegments=\count184
\nofMParguments=\count185
\everyMPshowfont=\toks50
\MPscratchCnt=\count186
\MPscratchDim=\dimen283
\MPnumerator=\count187
\makeMPintoPDFobject=\count188
\everyMPtoPDFconversion=\toks51
) (/usr/local/texlive/2017/texmf-dist/tex/latex/oberdiek/epstopdf-base.sty
Package: epstopdf-base 2016/05/15 v2.6 Base part for package epstopdf

(/usr/local/texlive/2017/texmf-dist/tex/latex/oberdiek/grfext.sty
Package: grfext 2016/05/16 v1.2 Manage graphics extensions (HO)
)
Package epstopdf-base Info: Redefining graphics rule for `.eps' on input line 4
38.
Package grfext Info: Graphics extension search list:
(grfext)             [.pdf,.png,.jpg,.mps,.jpeg,.jbig2,.jb2,.PDF,.PNG,.JPG,.JPE
G,.JBIG2,.JB2,.eps]
(grfext)             \AppendGraphicsExtensions on input line 456.

(/usr/local/texlive/2017/texmf-dist/tex/latex/latexconfig/epstopdf-sys.cfg
File: epstopdf-sys.cfg 2010/07/13 v1.3 Configuration of (r)epstopdf for TeX Liv
e
))
ABD: EveryShipout initializing macros
\AtBeginShipoutBox=\box64
Package hyperref Info: Link coloring OFF on input line 55.

(/usr/local/texlive/2017/texmf-dist/tex/latex/hyperref/nameref.sty
Package: nameref 2016/05/21 v2.44 Cross-referencing by name of section

(/usr/local/texlive/2017/texmf-dist/tex/generic/oberdiek/gettitlestring.sty
Package: gettitlestring 2016/05/16 v1.5 Cleanup title references (HO)
)
\c@section@level=\count189
)
LaTeX Info: Redefining \ref on input line 55.
LaTeX Info: Redefining \pageref on input line 55.
LaTeX Info: Redefining \nameref on input line 55.

(./R_intro.out) (./R_intro.out)
\@outlinefile=\write7
\openout7 = `R_intro.out'.

LaTeX Font Info:    Overwriting symbol font `operators' in version `normal'
(Font)                  OT1/cmr/m/n --> OT1/cmss/m/n on input line 55.
LaTeX Font Info:    Overwriting symbol font `operators' in version `bold'
(Font)                  OT1/cmr/bx/n --> OT1/cmss/bx/n on input line 55.
\symnumbers=\mathgroup6
\sympureletters=\mathgroup7
LaTeX Font Info:    Overwriting math alphabet `\mathrm' in version `normal'
(Font)                  OT1/cmss/m/n --> T1/aer/m/n on input line 55.
LaTeX Font Info:    Redeclaring math alphabet \mathbf on input line 55.
LaTeX Font Info:    Overwriting math alphabet `\mathbf' in version `normal'
(Font)                  OT1/cmr/bx/n --> T1/aess/bx/n on input line 55.
LaTeX Font Info:    Overwriting math alphabet `\mathbf' in version `bold'
(Font)                  OT1/cmr/bx/n --> T1/aess/bx/n on input line 55.
LaTeX Font Info:    Redeclaring math alphabet \mathsf on input line 55.
LaTeX Font Info:    Overwriting math alphabet `\mathsf' in version `normal'
(Font)                  OT1/cmss/m/n --> T1/aess/m/n on input line 55.
LaTeX Font Info:    Overwriting math alphabet `\mathsf' in version `bold'
(Font)                  OT1/cmss/bx/n --> T1/aess/m/n on input line 55.
LaTeX Font Info:    Redeclaring math alphabet \mathit on input line 55.
LaTeX Font Info:    Overwriting math alphabet `\mathit' in version `normal'
(Font)                  OT1/cmr/m/it --> T1/aess/m/it on input line 55.
LaTeX Font Info:    Overwriting math alphabet `\mathit' in version `bold'
(Font)                  OT1/cmr/bx/it --> T1/aess/m/it on input line 55.
LaTeX Font Info:    Redeclaring math alphabet \mathtt on input line 55.
LaTeX Font Info:    Overwriting math alphabet `\mathtt' in version `normal'
(Font)                  OT1/cmtt/m/n --> T1/aett/m/n on input line 55.
LaTeX Font Info:    Overwriting math alphabet `\mathtt' in version `bold'
(Font)                  OT1/cmtt/m/n --> T1/aett/m/n on input line 55.
LaTeX Font Info:    Overwriting symbol font `numbers' in version `bold'
(Font)                  T1/aess/m/n --> T1/aess/bx/n on input line 55.
LaTeX Font Info:    Overwriting symbol font `pureletters' in version `bold'
(Font)                  T1/aess/m/it --> T1/aess/bx/it on input line 55.
LaTeX Font Info:    Overwriting math alphabet `\mathrm' in version `bold'
(Font)                  OT1/cmss/bx/n --> T1/aer/bx/n on input line 55.
LaTeX Font Info:    Overwriting math alphabet `\mathbf' in version `bold'
(Font)                  T1/aess/bx/n --> T1/aess/bx/n on input line 55.
LaTeX Font Info:    Overwriting math alphabet `\mathsf' in version `bold'
(Font)                  T1/aess/m/n --> T1/aess/bx/n on input line 55.
LaTeX Font Info:    Overwriting math alphabet `\mathit' in version `bold'
(Font)                  T1/aess/m/it --> T1/aess/bx/it on input line 55.
LaTeX Font Info:    Overwriting math alphabet `\mathtt' in version `bold'
(Font)                  T1/aett/m/n --> T1/aett/bx/n on input line 55.

(/usr/local/texlive/2017/texmf-dist/tex/latex/beamer/translator/dicts/translato
r-basic-dictionary/translator-basic-dictionary-English.dict
Dictionary: translator-basic-dictionary, Language: English 
)
(/usr/local/texlive/2017/texmf-dist/tex/latex/beamer/translator/dicts/translato
r-bibliography-dictionary/translator-bibliography-dictionary-English.dict
Dictionary: translator-bibliography-dictionary, Language: English 
)
(/usr/local/texlive/2017/texmf-dist/tex/latex/beamer/translator/dicts/translato
r-environment-dictionary/translator-environment-dictionary-English.dict
Dictionary: translator-environment-dictionary, Language: English 
)
(/usr/local/texlive/2017/texmf-dist/tex/latex/beamer/translator/dicts/translato
r-months-dictionary/translator-months-dictionary-English.dict
Dictionary: translator-months-dictionary, Language: English 
)
(/usr/local/texlive/2017/texmf-dist/tex/latex/beamer/translator/dicts/translato
r-numbers-dictionary/translator-numbers-dictionary-English.dict
Dictionary: translator-numbers-dictionary, Language: English 
)
(/usr/local/texlive/2017/texmf-dist/tex/latex/beamer/translator/dicts/translato
r-theorem-dictionary/translator-theorem-dictionary-English.dict
Dictionary: translator-theorem-dictionary, Language: English 
)
Package marginnote Info: \pdfoutput not 0 or unimportant and
(marginnote)             \pdflastxpos or \lastxpos available.
(marginnote)             Extended position detection mode activated.
Package soulpos Info: Loading soulutf8 on input line 55.

(/usr/local/texlive/2017/texmf-dist/tex/generic/oberdiek/soulutf8.sty
Package: soulutf8 2016/05/16 v1.1 Permit use of UTF-8 characters in soul (HO)

(/usr/local/texlive/2017/texmf-dist/tex/latex/soul/soul.sty
Package: soul 2003/11/17 v2.4 letterspacing/underlining (mf)
\SOUL@word=\toks52
\SOUL@lasttoken=\toks53
\SOUL@cmds=\toks54
\SOUL@buffer=\toks55
\SOUL@token=\toks56
\SOUL@spaceskip=\skip83
\SOUL@ttwidth=\dimen284
\SOUL@uldp=\dimen285
\SOUL@ulht=\dimen286
)) (./R_intro.nav)
(./R_intro-concordance.tex)
\fancyvrbtopsep=\skip84
\fancyvrbpartopsep=\skip85
LaTeX Font Info:    Font shape `T1/aess/m/it' in size <8> not available
(Font)              Font shape `T1/aess/m/sl' tried instead on input line 70.

Overfull \vbox (44.5352pt too high) detected at line 70
 []

[1

\openout5 = `R_intro.upa'.

{/usr/local/texlive/2017/texmf-var/fonts/map/pdftex/updmap/pdftex.map}]
(./R_intro.toc) [2

] [3

]
LaTeX Font Info:    Try loading font information for U+msa on input line 97.

(/usr/local/texlive/2017/texmf-dist/tex/latex/amsfonts/umsa.fd
File: umsa.fd 2013/01/14 v3.01 AMS symbols A
)
LaTeX Font Info:    Try loading font information for U+msb on input line 97.

(/usr/local/texlive/2017/texmf-dist/tex/latex/amsfonts/umsb.fd
File: umsb.fd 2013/01/14 v3.01 AMS symbols B
)
LaTeX Font Info:    Font shape `T1/aess/m/it' in size <10.95> not available
(Font)              Font shape `T1/aess/m/sl' tried instead on input line 97.
LaTeX Font Info:    Font shape `T1/aess/m/it' in size <6> not available
(Font)              Font shape `T1/aess/m/sl' tried instead on input line 97.
 [4

]
LaTeX Font Info:    Try loading font information for T1+aett on input line 112.


(/usr/local/texlive/2017/texmf-dist/tex/latex/ae/t1aett.fd
File: t1aett.fd 1997/11/16 Font definitions for T1/aett.
)
LaTeX Font Info:    Try loading font information for TS1+aess on input line 112
.
LaTeX Font Info:    No file TS1aess.fd. on input line 112.


LaTeX Font Warning: Font shape `TS1/aess/m/n' undefined
(Font)              using `TS1/cmr/m/n' instead
(Font)              for symbol `textbullet' on input line 112.

[5

]
LaTeX Font Info:    Font shape `T1/aess/m/it' in size <10> not available
(Font)              Font shape `T1/aess/m/sl' tried instead on input line 121.
LaTeX Font Info:    Font shape `T1/aess/m/it' in size <7> not available
(Font)              Font shape `T1/aess/m/sl' tried instead on input line 121.
LaTeX Font Info:    Font shape `T1/aess/m/it' in size <5> not available
(Font)              Font shape `T1/aess/m/sl' tried instead on input line 121.
<figures/R-project.png, id=80, 1040.88875pt x 749.80125pt>
File: figures/R-project.png Graphic file (type png)
<use figures/R-project.png>
Package pdftex.def Info: figures/R-project.png  used on input line 121. on inpu
t line 121.
Package pdftex.def Info: Requested size: 260.22154pt x 187.44984pt on input lin
e 121.

Overfull \vbox (19.50636pt too high) detected at line 121
 []

[6

 <./figures/R-project.png>] [7

] [8

]
\openout4 = `R_intro.vrb'.

 (./R_intro.vrb) [9

]
<figures/Rstudio_overview.png, id=119, 1424.32124pt x 863.225pt>
File: figures/Rstudio_overview.png Graphic file (type png)
<use figures/Rstudio_overview.png>
Package pdftex.def Info: figures/Rstudio_overview.png  used on input line 189. 
on input line 189.
Package pdftex.def Info: Requested size: 1994.0362pt x 1208.50679pt on input li
ne 189.
 [10

 <./figures/Rstudio_overview.png>]
<figures/RStudio_console.png, id=126, 791.95876pt x 408.52625pt>
File: figures/RStudio_console.png Graphic file (type png)
<use figures/RStudio_console.png>
Package pdftex.def Info: figures/RStudio_console.png  used on input line 198. o
n input line 198.
Package pdftex.def Info: Requested size: 312.9803pt x 161.45026pt on input line
 198.

Overfull \hbox (5.69043pt too wide) in paragraph at lines 198--198
 [][] 
 []


Overfull \vbox (1.05736pt too high) detected at line 198
 []

[11

 <./figures/RStudio_console.png>]
<figures/RStudio_script.png, id=133, 634.37pt x 403.5075pt>
File: figures/RStudio_script.png Graphic file (type png)
<use figures/RStudio_script.png>
Package pdftex.def Info: figures/RStudio_script.png  used on input line 207. on
 input line 207.
Package pdftex.def Info: Requested size: 284.52756pt x 180.98563pt on input lin
e 207.

Overfull \vbox (22.71696pt too high) detected at line 207
 []

[12

 <./figures/RStudio_script.png>]
<figures/RStudio_environment.png, id=140, 639.38875pt x 420.57124pt>
File: figures/RStudio_environment.png Graphic file (type png)
<use figures/RStudio_environment.png>
Package pdftex.def Info: figures/RStudio_environment.png  used on input line 21
6. on input line 216.
Package pdftex.def Info: Requested size: 284.52756pt x 187.15681pt on input lin
e 216.

Overfull \vbox (24.88815pt too high) detected at line 216
 []

[13

 <./figures/RStudio_environment.png>]
<figures/RStudio_plot.png, id=148, 787.94376pt x 414.54875pt>
File: figures/RStudio_plot.png Graphic file (type png)
<use figures/RStudio_plot.png>
Package pdftex.def Info: figures/RStudio_plot.png  used on input line 225. on i
nput line 225.
Package pdftex.def Info: Requested size: 284.52756pt x 149.69287pt on input lin
e 225.
 [14

 <./figures/RStudio_plot.png>]
<figures/RStudio_help.png, id=155, 790.955pt x 418.56375pt>
File: figures/RStudio_help.png Graphic file (type png)
<use figures/RStudio_help.png>
Package pdftex.def Info: figures/RStudio_help.png  used on input line 234. on i
nput line 234.
Package pdftex.def Info: Requested size: 284.52756pt x 150.56786pt on input lin
e 234.

[15

 <./figures/RStudio_help.png>]
<figures/RStudio_option.png, id=162, 477.785pt x 484.81125pt>
File: figures/RStudio_option.png Graphic file (type png)
<use figures/RStudio_option.png>
Package pdftex.def Info: figures/RStudio_option.png  used on input line 243. on
 input line 243.
Package pdftex.def Info: Requested size: 199.16928pt x 202.09541pt on input lin
e 243.

Overfull \vbox (31.60257pt too high) detected at line 243
 []

[16

 <./figures/RStudio_option.png>]
File: figures/Rstudio_overview.png Graphic file (type png)
<use figures/Rstudio_overview.png>
Package pdftex.def Info: figures/Rstudio_overview.png  used on input line 250. 
on input line 250.
Package pdftex.def Info: Requested size: 1994.0362pt x 1208.50679pt on input li
ne 250.
 [17

]
<../Day1/figures/folder_str.png, id=174, 619.31375pt x 388.45125pt>
File: ../Day1/figures/folder_str.png Graphic file (type png)
<use ../Day1/figures/folder_str.png>
Package pdftex.def Info: ../Day1/figures/folder_str.png  used on input line 257
. on input line 257.
Package pdftex.def Info: Requested size: 867.03336pt x 543.82802pt on input lin
e 257.
 [18

 <../Day1/figures/folder_str.png>]
[19

] [20

]
\openout4 = `R_intro.vrb'.

 (./R_intro.vrb
<figures/R_syntax.png, id=194, 609.27625pt x 518.93875pt>
File: figures/R_syntax.png Graphic file (type png)
<use figures/R_syntax.png>
Package pdftex.def Info: figures/R_syntax.png  used on input line 3. on input l
ine 3.
Package pdftex.def Info: Requested size: 152.31868pt x 129.73436pt on input lin
e 3.
)
Overfull \vbox (9.61835pt too high) detected at line 285
 []

[21

 <./figures/R_syntax.png>]
\openout4 = `R_intro.vrb'.

 (./R_intro.vrb) [22

]
\openout4 = `R_intro.vrb'.

 (./R_intro.vrb) [23

]
\openout4 = `R_intro.vrb'.


(./R_intro.vrb) [24

]
\openout4 = `R_intro.vrb'.

 (./R_intro.vrb)
Overfull \vbox (1.72621pt too high) detected at line 379
 []

[25

] (./R_intro.vrb)
Overfull \vbox (1.72621pt too high) detected at line 379
 []

[26

] (./R_intro.vrb)
Overfull \vbox (1.72621pt too high) detected at line 379
 []

[27

]
\openout4 = `R_intro.vrb'.

 (./R_intro.vrb) [28

]
\openout4 = `R_intro.vrb'.

 (./R_intro.vrb) [29

]
\openout4 = `R_intro.vrb'.

 (./R_intro.vrb)
Overfull \vbox (19.03627pt too high) detected at line 465
 []

[30

]
\openout4 = `R_intro.vrb'.

 (./R_intro.vrb) [31

]
\openout4 = `R_intro.vrb'.

 (./R_intro.vrb) [32

]
\openout4 = `R_intro.vrb'.

 (./R_intro.vrb) [33

] [34

]
\openout4 = `R_intro.vrb'.


(./R_intro.vrb) [35

]
\openout4 = `R_intro.vrb'.

 (./R_intro.vrb) [36

]
\openout4 = `R_intro.vrb'.

 (./R_intro.vrb) [37

] (./R_intro.vrb)
[38

]
\openout4 = `R_intro.vrb'.

 (./R_intro.vrb) [39

]
\openout4 = `R_intro.vrb'.

 (./R_intro.vrb) [40

] (./R_intro.vrb) [41

]
\openout4 = `R_intro.vrb'.


(./R_intro.vrb) [42

] (./R_intro.vrb) [43

]
\openout4 = `R_intro.vrb'.

 (./R_intro.vrb) [44

] (./R_intro.vrb)
[45

]
\openout4 = `R_intro.vrb'.

 (./R_intro.vrb) [46

] (./R_intro.vrb) [47

]
\openout4 = `R_intro.vrb'.

 (./R_intro.vrb)
Overfull \vbox (2.44633pt too high) detected at line 713
 []

[48

] (./R_intro.vrb)
Overfull \vbox (2.44633pt too high) detected at line 713
 []

[49

]
\openout4 = `R_intro.vrb'.

 (./R_intro.vrb) [50

]
\openout4 = `R_intro.vrb'.

 (./R_intro.vrb)
Overfull \vbox (2.44633pt too high) detected at line 762
 []

[51

]
\openout4 = `R_intro.vrb'.

 (./R_intro.vrb) [52

] (./R_intro.vrb) [53

]
\openout4 = `R_intro.vrb'.

 (./R_intro.vrb) [54

]
(./R_intro.vrb) [55

]
\openout4 = `R_intro.vrb'.

 (./R_intro.vrb) [56

] (./R_intro.vrb) [57

]
\openout4 = `R_intro.vrb'.

 (./R_intro.vrb)
[58

] (./R_intro.vrb) [59

]
\openout4 = `R_intro.vrb'.

 (./R_intro.vrb) [60

] (./R_intro.vrb) [61

]
\openout4 = `R_intro.vrb'.


(./R_intro.vrb)
Overfull \vbox (5.51128pt too high) detected at line 908
 []

[62

] (./R_intro.vrb)
Overfull \vbox (5.51128pt too high) detected at line 908
 []

[63

]
\openout4 = `R_intro.vrb'.

 (./R_intro.vrb) [64

]
\openout4 = `R_intro.vrb'.

 (./R_intro.vrb)
Overfull \vbox (12.34636pt too high) detected at line 962
 []

[65

]
\openout4 = `R_intro.vrb'.

 (./R_intro.vrb
Overfull \hbox (21.90005pt too wide) in paragraph at lines 3--7
[]  
 []


Overfull \hbox (21.90005pt too wide) in paragraph at lines 15--15
[]  
 []


Overfull \hbox (21.90005pt too wide) in paragraph at lines 18--22
[]  
 []


Overfull \hbox (21.90005pt too wide) in paragraph at lines 38--38
[]  
 []

) [66

]
\openout4 = `R_intro.vrb'.

 (./R_intro.vrb) [67

]
\openout4 = `R_intro.vrb'.

 (./R_intro.vrb) [68

]
\openout4 = `R_intro.vrb'.

 (./R_intro.vrb
Overfull \hbox (21.90005pt too wide) in paragraph at lines 5--9
[]  
 []


Overfull \hbox (21.90005pt too wide) in paragraph at lines 18--18
[]  
 []


Overfull \hbox (21.90005pt too wide) in paragraph at lines 21--25
[]  
 []


Overfull \hbox (21.90005pt too wide) in paragraph at lines 34--34
[]  
 []

)
Overfull \vbox (11.45107pt too high) detected at line 1089
 []

[69

] (./R_intro.vrb
Overfull \hbox (21.90005pt too wide) in paragraph at lines 5--9
[]  
 []


Overfull \hbox (21.90005pt too wide) in paragraph at lines 18--18
[]  
 []


Overfull \hbox (21.90005pt too wide) in paragraph at lines 21--25
[]  
 []


Overfull \hbox (21.90005pt too wide) in paragraph at lines 34--34
[]  
 []

)
Overfull \vbox (11.45107pt too high) detected at line 1089
 []

[70

]
\openout4 = `R_intro.vrb'.

 (./R_intro.vrb
Overfull \hbox (21.90005pt too wide) in paragraph at lines 5--9
[]  
 []


Overfull \hbox (21.90005pt too wide) in paragraph at lines 18--18
[]  
 []


Overfull \hbox (21.90005pt too wide) in paragraph at lines 21--25
[]  
 []


Overfull \hbox (21.90005pt too wide) in paragraph at lines 40--40
[]  
 []

) [71

] (./R_intro.vrb
Overfull \hbox (21.90005pt too wide) in paragraph at lines 5--9
[]  
 []


Overfull \hbox (21.90005pt too wide) in paragraph at lines 18--18
[]  
 []


Overfull \hbox (21.90005pt too wide) in paragraph at lines 21--25
[]  
 []


Overfull \hbox (21.90005pt too wide) in paragraph at lines 40--40
[]  
 []

) [72

]
\openout4 = `R_intro.vrb'.

 (./R_intro.vrb
Overfull \hbox (21.90005pt too wide) in paragraph at lines 5--9
[]  
 []


Overfull \hbox (21.90005pt too wide) in paragraph at lines 17--17
[]  
 []

) [73

] [74

]
\openout4 = `R_intro.vrb'.

 (./R_intro.vrb)
Overfull \vbox (1.72621pt too high) detected at line 1185
 []

[75

] (./R_intro.vrb)
Overfull \vbox (1.72621pt too high) detected at line 1185
 []

[76

] (./R_intro.vrb)
Overfull \vbox (1.72621pt too high) detected at line 1185
 []

[77

] (./R_intro.vrb)
Overfull \vbox (1.72621pt too high) detected at line 1185
 []

[78

] (./R_intro.vrb)
Overfull \vbox (1.72621pt too high) detected at line 1185
 []

[79

]
\openout4 = `R_intro.vrb'.

 (./R_intro.vrb) [80

]
\openout4 = `R_intro.vrb'.

 (./R_intro.vrb) [81

]

LaTeX Font Warning: Font shape `T1/aess/m/sc' undefined
(Font)              using `T1/aess/m/n' instead on input line 1224.

[82

]
\openout4 = `R_intro.vrb'.

 (./R_intro.vrb) [83

]
\openout4 = `R_intro.vrb'.

 (./R_intro.vrb
<figures/hw_tidy1.png, id=523, 561.09625pt x 308.15125pt>
File: figures/hw_tidy1.png Graphic file (type png)
<use figures/hw_tidy1.png>
Package pdftex.def Info: figures/hw_tidy1.png  used on input line 10. on input 
line 10.
Package pdftex.def Info: Requested size: 140.27371pt x 77.03761pt on input line
 10.
)
Overfull \vbox (14.71878pt too high) detected at line 1251
 []

[84

 <./figures/hw_tidy1.png>] (./R_intro.vrb
File: figures/hw_tidy1.png Graphic file (type png)
<use figures/hw_tidy1.png>
Package pdftex.def Info: figures/hw_tidy1.png  used on input line 10. on input 
line 10.
Package pdftex.def Info: Requested size: 140.27371pt x 77.03761pt on input line
 10.
)
Overfull \vbox (14.71878pt too high) detected at line 1251
 []

[85

]
\openout4 = `R_intro.vrb'.

 (./R_intro.vrb
File: figures/hw_tidy1.png Graphic file (type png)
<use figures/hw_tidy1.png>
Package pdftex.def Info: figures/hw_tidy1.png  used on input line 12. on input 
line 12.
Package pdftex.def Info: Requested size: 140.27371pt x 77.03761pt on input line
 12.
)
Overfull \vbox (28.5187pt too high) detected at line 1268
 []

[86

] (./R_intro.vrb
File: figures/hw_tidy1.png Graphic file (type png)
<use figures/hw_tidy1.png>
Package pdftex.def Info: figures/hw_tidy1.png  used on input line 12. on input 
line 12.
Package pdftex.def Info: Requested size: 140.27371pt x 77.03761pt on input line
 12.
)
Overfull \vbox (28.5187pt too high) detected at line 1268
 []

[87

] (./R_intro.vrb
File: figures/hw_tidy1.png Graphic file (type png)
<use figures/hw_tidy1.png>
Package pdftex.def Info: figures/hw_tidy1.png  used on input line 12. on input 
line 12.
Package pdftex.def Info: Requested size: 140.27371pt x 77.03761pt on input line
 12.
)
Overfull \vbox (28.5187pt too high) detected at line 1268
 []

[88

] (./R_intro.vrb
File: figures/hw_tidy1.png Graphic file (type png)
<use figures/hw_tidy1.png>
Package pdftex.def Info: figures/hw_tidy1.png  used on input line 12. on input 
line 12.
Package pdftex.def Info: Requested size: 140.27371pt x 77.03761pt on input line
 12.
)
Overfull \vbox (28.5187pt too high) detected at line 1268
 []

[89

]
\openout4 = `R_intro.vrb'.

 (./R_intro.vrb
<figures/hw_tidy2.png, id=556, 783.92876pt x 243.91125pt>
File: figures/hw_tidy2.png Graphic file (type png)
<use figures/hw_tidy2.png>
Package pdftex.def Info: figures/hw_tidy2.png  used on input line 12. on input 
line 12.
Package pdftex.def Info: Requested size: 195.9817pt x 60.97766pt on input line 
12.
)
Overfull \vbox (11.39449pt too high) detected at line 1285
 []

[90

 <./figures/hw_tidy2.png>]
\openout4 = `R_intro.vrb'.

 (./R_intro.vrb) [91

] (./R_intro.vrb) [92

]
(./R_intro.vrb) [93

] (./R_intro.vrb) [94

] (./R_intro.vrb) [95

]
\openout4 = `R_intro.vrb'.

 (./R_intro.vrb
LaTeX Font Info:    Font shape `T1/aess/m/it' in size <12> not available
(Font)              Font shape `T1/aess/m/sl' tried instead on input line 2.
<figures/hw_tidy3-1.png, id=590, 808.01875pt x 359.3425pt>
File: figures/hw_tidy3-1.png Graphic file (type png)
<use figures/hw_tidy3-1.png>
Package pdftex.def Info: figures/hw_tidy3-1.png  used on input line 5. on input
 line 5.
Package pdftex.def Info: Requested size: 3636.07553pt x 1617.03726pt on input l
ine 5.
)
[96

 <./figures/hw_tidy3-1.png>]
\openout4 = `R_intro.vrb'.

 (./R_intro.vrb
<figures/hw_tidy3-2.png, id=597, 400.49625pt x 298.11375pt>
File: figures/hw_tidy3-2.png Graphic file (type png)
<use figures/hw_tidy3-2.png>
Package pdftex.def Info: figures/hw_tidy3-2.png  used on input line 5. on input
 line 5.
Package pdftex.def Info: Requested size: 100.12381pt x 74.52824pt on input line
 5.
)
Overfull \vbox (13.71573pt too high) detected at line 1321
 []

[97

 <./figures/hw_tidy3-2.png>]
\openout4 = `R_intro.vrb'.

 (./R_intro.vrb
<figures/hw_tidy4.png, id=605, 698.61pt x 434.62375pt>
File: figures/hw_tidy4.png Graphic file (type png)
<use figures/hw_tidy4.png>
Package pdftex.def Info: figures/hw_tidy4.png  used on input line 5. on input l
ine 5.
Package pdftex.def Info: Requested size: 245.83282pt x 152.9363pt on input line
 5.
) [98

 <./figures/hw_tidy4.png>]
\openout4 = `R_intro.vrb'.


(./R_intro.vrb) [99

] (./R_intro.vrb) [100

]
\openout4 = `R_intro.vrb'.

 (./R_intro.vrb) [101

]
\openout4 = `R_intro.vrb'.

 (./R_intro.vrb
Overfull \hbox (21.90005pt too wide) in paragraph at lines 4--8
[]  
 []


Overfull \hbox (21.90005pt too wide) in paragraph at lines 13--13
[]  
 []


Overfull \hbox (21.90005pt too wide) in paragraph at lines 17--21
[]  
 []

LaTeX Font Info:    Try loading font information for TS1+aett on input line 22.

(/Library/Frameworks/R.framework/Resources/share/texmf/tex/latex/ts1aett.fd
File: ts1aett.fd 
)
LaTeX Font Info:    Try loading font information for TS1+cmtt on input line 22.


(/usr/local/texlive/2017/texmf-dist/tex/latex/base/ts1cmtt.fd
File: ts1cmtt.fd 2014/09/29 v2.5h Standard LaTeX font definitions
)
LaTeX Font Info:    Font shape `TS1/aett/m/sl' in size <8> not available
(Font)              Font shape `TS1/cmtt/m/sl' tried instead on input line 22.

Overfull \hbox (21.90005pt too wide) in paragraph at lines 28--28
[]  
 []


Overfull \hbox (21.90005pt too wide) in paragraph at lines 32--36
[]  
 []


Overfull \hbox (21.90005pt too wide) in paragraph at lines 40--40
[]  
 []

) [102

] (./R_intro.vrb
Overfull \hbox (21.90005pt too wide) in paragraph at lines 4--8
[]  
 []


Overfull \hbox (21.90005pt too wide) in paragraph at lines 13--13
[]  
 []


Overfull \hbox (21.90005pt too wide) in paragraph at lines 17--21
[]  
 []


Overfull \hbox (21.90005pt too wide) in paragraph at lines 28--28
[]  
 []


Overfull \hbox (21.90005pt too wide) in paragraph at lines 32--36
[]  
 []


Overfull \hbox (21.90005pt too wide) in paragraph at lines 40--40
[]  
 []

) [103

] (./R_intro.vrb
Overfull \hbox (21.90005pt too wide) in paragraph at lines 4--8
[]  
 []


Overfull \hbox (21.90005pt too wide) in paragraph at lines 13--13
[]  
 []


Overfull \hbox (21.90005pt too wide) in paragraph at lines 17--21
[]  
 []


Overfull \hbox (21.90005pt too wide) in paragraph at lines 28--28
[]  
 []


Overfull \hbox (21.90005pt too wide) in paragraph at lines 32--36
[]  
 []


Overfull \hbox (21.90005pt too wide) in paragraph at lines 40--40
[]  
 []

) [104

]
\openout4 = `R_intro.vrb'.

 (./R_intro.vrb
Overfull \hbox (21.90005pt too wide) in paragraph at lines 5--9
[]  
 []


Overfull \hbox (21.90005pt too wide) in paragraph at lines 16--16
[]  
 []


Overfull \hbox (21.90005pt too wide) in paragraph at lines 19--25
[] 
 []


Overfull \hbox (21.90005pt too wide) in paragraph at lines 50--50
[]  
 []

)
Overfull \vbox (18.25107pt too high) detected at line 1474
 []

[105

]
\openout4 = `R_intro.vrb'.

 (./R_intro.vrb

LaTeX Font Warning: Font shape `T1/aett/bx/n' undefined
(Font)              using `T1/aett/m/n' instead on input line 6.


Overfull \hbox (21.90005pt too wide) in paragraph at lines 6--12
[] 
 []


Overfull \hbox (21.90005pt too wide) in paragraph at lines 27--27
[]  
 []

)
Overfull \vbox (2.01616pt too high) detected at line 1512
 []

[106

]
\openout4 = `R_intro.vrb'.

 (./R_intro.vrb
Overfull \hbox (21.90005pt too wide) in paragraph at lines 5--9
[]  
 []


Overfull \hbox (21.90005pt too wide) in paragraph at lines 28--28
[]  
 []


Overfull \hbox (21.90005pt too wide) in paragraph at lines 31--35
[]  
 []


Overfull \hbox (21.90005pt too wide) in paragraph at lines 42--42
[]  
 []

) [107

]
\openout4 = `R_intro.vrb'.

 (./R_intro.vrb
Overfull \hbox (21.90005pt too wide) in paragraph at lines 6--10
[]  
 []

LaTeX Font Info:    Font shape `TS1/aett/m/sl' in size <6> not available
(Font)              Font shape `TS1/cmtt/m/sl' tried instead on input line 11.

Overfull \hbox (21.90005pt too wide) in paragraph at lines 20--20
[]  
 []


Overfull \hbox (21.90005pt too wide) in paragraph at lines 23--27
[]  
 []


Overfull \hbox (21.90005pt too wide) in paragraph at lines 38--38
[]  
 []

) [108

]
\openout4 = `R_intro.vrb'.

 (./R_intro.vrb)
Overfull \vbox (18.00201pt too high) detected at line 1643
 []

[109

]
\openout4 = `R_intro.vrb'.

 (./R_intro.vrb)
Overfull \vbox (8.21132pt too high) detected at line 1664
 []

[110

] (./R_intro.vrb)
Overfull \vbox (8.21132pt too high) detected at line 1664
 []

[111

]
\openout4 = `R_intro.vrb'.

 (./R_intro.vrb) [112

] (./R_intro.vrb) [113

] (./R_intro.vrb) [114

]
\openout4 = `R_intro.vrb'.


(./R_intro.vrb
Overfull \hbox (21.90005pt too wide) in paragraph at lines 6--12
[] 
 []


Overfull \hbox (21.90005pt too wide) in paragraph at lines 26--26
[][]  
 []

) [115

]
\openout4 = `R_intro.vrb'.

 (./R_intro.vrb
Overfull \hbox (21.90005pt too wide) in paragraph at lines 5--11
[] 
 []


Overfull \hbox (21.90005pt too wide) in paragraph at lines 51--51
[][]  
 []

)
Overfull \vbox (2.57608pt too high) detected at line 1772
 []

[116

]
\openout4 = `R_intro.vrb'.

 (./R_intro.vrb) [117

]
\openout4 = `R_intro.vrb'.

 (./R_intro.vrb) [118

]
\openout4 = `R_intro.vrb'.

 (./R_intro.vrb)
Overfull \vbox (17.31618pt too high) detected at line 1823
 []

[119

]
\openout4 = `R_intro.vrb'.

 (./R_intro.vrb
Overfull \hbox (21.90005pt too wide) in paragraph at lines 5--6
[]  
 []


Overfull \hbox (21.90005pt too wide) in paragraph at lines 35--35
[][]  
 []

) [120

]
\openout4 = `R_intro.vrb'.

 (./R_intro.vrb
Overfull \hbox (21.90005pt too wide) in paragraph at lines 5--7
[]  
 []


Overfull \hbox (21.90005pt too wide) in paragraph at lines 19--19
[]  
 []


Overfull \hbox (21.90005pt too wide) in paragraph at lines 22--24
[]  
 []


Overfull \hbox (21.90005pt too wide) in paragraph at lines 77--77
[]  
 []

)
Overfull \vbox (30.3509pt too high) detected at line 1949
 []

[121

] (./R_intro.vrb
Overfull \hbox (21.90005pt too wide) in paragraph at lines 5--7
[]  
 []


Overfull \hbox (21.90005pt too wide) in paragraph at lines 19--19
[]  
 []


Overfull \hbox (21.90005pt too wide) in paragraph at lines 22--24
[]  
 []


Overfull \hbox (21.90005pt too wide) in paragraph at lines 77--77
[]  
 []

)
Overfull \vbox (30.3509pt too high) detected at line 1949
 []

[122

] (./R_intro.vrb
Overfull \hbox (21.90005pt too wide) in paragraph at lines 5--7
[]  
 []


Overfull \hbox (21.90005pt too wide) in paragraph at lines 19--19
[]  
 []


Overfull \hbox (21.90005pt too wide) in paragraph at lines 22--24
[]  
 []


Overfull \hbox (21.90005pt too wide) in paragraph at lines 77--77
[]  
 []

)
Overfull \vbox (30.3509pt too high) detected at line 1949
 []

[123

] (./R_intro.vrb
Overfull \hbox (21.90005pt too wide) in paragraph at lines 5--7
[]  
 []


Overfull \hbox (21.90005pt too wide) in paragraph at lines 19--19
[]  
 []


Overfull \hbox (21.90005pt too wide) in paragraph at lines 22--24
[]  
 []


Overfull \hbox (21.90005pt too wide) in paragraph at lines 77--77
[]  
 []

)
Overfull \vbox (30.3509pt too high) detected at line 1949
 []

[124

] (./R_intro.vrb
Overfull \hbox (21.90005pt too wide) in paragraph at lines 5--7
[]  
 []


Overfull \hbox (21.90005pt too wide) in paragraph at lines 19--19
[]  
 []


Overfull \hbox (21.90005pt too wide) in paragraph at lines 22--24
[]  
 []


Overfull \hbox (21.90005pt too wide) in paragraph at lines 77--77
[]  
 []

)
Overfull \vbox (30.3509pt too high) detected at line 1949
 []

[125

]
\openout4 = `R_intro.vrb'.

 (./R_intro.vrb
Overfull \hbox (21.90005pt too wide) in paragraph at lines 5--7
[]  
 []


Overfull \hbox (21.90005pt too wide) in paragraph at lines 19--19
[]  
 []


Overfull \hbox (21.90005pt too wide) in paragraph at lines 22--24
[]  
 []


Overfull \hbox (21.90005pt too wide) in paragraph at lines 39--39
[]  
 []


Overfull \hbox (21.90005pt too wide) in paragraph at lines 42--44
[]  
 []


Overfull \hbox (21.90005pt too wide) in paragraph at lines 56--56
[]  
 []

) [126

] (./R_intro.vrb
Overfull \hbox (21.90005pt too wide) in paragraph at lines 5--7
[]  
 []


Overfull \hbox (21.90005pt too wide) in paragraph at lines 19--19
[]  
 []


Overfull \hbox (21.90005pt too wide) in paragraph at lines 22--24
[]  
 []


Overfull \hbox (21.90005pt too wide) in paragraph at lines 39--39
[]  
 []


Overfull \hbox (21.90005pt too wide) in paragraph at lines 42--44
[]  
 []


Overfull \hbox (21.90005pt too wide) in paragraph at lines 56--56
[]  
 []

) [127

] (./R_intro.vrb
Overfull \hbox (21.90005pt too wide) in paragraph at lines 5--7
[]  
 []


Overfull \hbox (21.90005pt too wide) in paragraph at lines 19--19
[]  
 []


Overfull \hbox (21.90005pt too wide) in paragraph at lines 22--24
[]  
 []


Overfull \hbox (21.90005pt too wide) in paragraph at lines 39--39
[]  
 []


Overfull \hbox (21.90005pt too wide) in paragraph at lines 42--44
[]  
 []


Overfull \hbox (21.90005pt too wide) in paragraph at lines 56--56
[]  
 []

) [128

] (./R_intro.vrb
Overfull \hbox (21.90005pt too wide) in paragraph at lines 5--7
[]  
 []


Overfull \hbox (21.90005pt too wide) in paragraph at lines 19--19
[]  
 []


Overfull \hbox (21.90005pt too wide) in paragraph at lines 22--24
[]  
 []


Overfull \hbox (21.90005pt too wide) in paragraph at lines 39--39
[]  
 []


Overfull \hbox (21.90005pt too wide) in paragraph at lines 42--44
[]  
 []


Overfull \hbox (21.90005pt too wide) in paragraph at lines 56--56
[]  
 []

) [129

] (./R_intro.vrb
Overfull \hbox (21.90005pt too wide) in paragraph at lines 5--7
[]  
 []


Overfull \hbox (21.90005pt too wide) in paragraph at lines 19--19
[]  
 []


Overfull \hbox (21.90005pt too wide) in paragraph at lines 22--24
[]  
 []


Overfull \hbox (21.90005pt too wide) in paragraph at lines 39--39
[]  
 []


Overfull \hbox (21.90005pt too wide) in paragraph at lines 42--44
[]  
 []


Overfull \hbox (21.90005pt too wide) in paragraph at lines 56--56
[]  
 []

) [130

] (./R_intro.vrb
Overfull \hbox (21.90005pt too wide) in paragraph at lines 5--7
[]  
 []


Overfull \hbox (21.90005pt too wide) in paragraph at lines 19--19
[]  
 []


Overfull \hbox (21.90005pt too wide) in paragraph at lines 22--24
[]  
 []


Overfull \hbox (21.90005pt too wide) in paragraph at lines 39--39
[]  
 []


Overfull \hbox (21.90005pt too wide) in paragraph at lines 42--44
[]  
 []


Overfull \hbox (21.90005pt too wide) in paragraph at lines 56--56
[]  
 []

) [131

]
\openout4 = `R_intro.vrb'.

 (./R_intro.vrb
Overfull \hbox (21.90005pt too wide) in paragraph at lines 5--7
[]  
 []


Overfull \hbox (21.90005pt too wide) in paragraph at lines 21--21
[]  
 []


Overfull \hbox (21.90005pt too wide) in paragraph at lines 24--26
[]  
 []


Overfull \hbox (21.90005pt too wide) in paragraph at lines 53--53
[]  
 []

) [132

] (./R_intro.vrb
Overfull \hbox (21.90005pt too wide) in paragraph at lines 5--7
[]  
 []


Overfull \hbox (21.90005pt too wide) in paragraph at lines 21--21
[]  
 []


Overfull \hbox (21.90005pt too wide) in paragraph at lines 24--26
[]  
 []


Overfull \hbox (21.90005pt too wide) in paragraph at lines 53--53
[]  
 []

) [133

] (./R_intro.vrb
Overfull \hbox (21.90005pt too wide) in paragraph at lines 5--7
[]  
 []


Overfull \hbox (21.90005pt too wide) in paragraph at lines 21--21
[]  
 []


Overfull \hbox (21.90005pt too wide) in paragraph at lines 24--26
[]  
 []


Overfull \hbox (21.90005pt too wide) in paragraph at lines 53--53
[]  
 []

) [134

] (./R_intro.vrb
Overfull \hbox (21.90005pt too wide) in paragraph at lines 5--7
[]  
 []


Overfull \hbox (21.90005pt too wide) in paragraph at lines 21--21
[]  
 []


Overfull \hbox (21.90005pt too wide) in paragraph at lines 24--26
[]  
 []


Overfull \hbox (21.90005pt too wide) in paragraph at lines 53--53
[]  
 []

) [135

]
\openout4 = `R_intro.vrb'.

 (./R_intro.vrb) [136

]
\tf@nav=\write8
\openout8 = `R_intro.nav'.

\tf@toc=\write9
\openout9 = `R_intro.toc'.

\tf@snm=\write10
\openout10 = `R_intro.snm'.

Package atveryend Info: Empty hook `BeforeClearDocument' on input line 2083.
Package atveryend Info: Empty hook `AfterLastShipout' on input line 2083.
 (./R_intro.aux)
Package atveryend Info: Executing hook `AtVeryEndDocument' on input line 2083.
Package atveryend Info: Executing hook `AtEndAfterFileList' on input line 2083.

Package rerunfilecheck Info: File `R_intro.out' has not changed.
(rerunfilecheck)             Checksum: 699682076D6D6E81C88155CFA66978B5;282.


LaTeX Font Warning: Some font shapes were not available, defaults substituted.

 ) 
Here is how much of TeX's memory you used:
 27078 strings out of 492990
 540779 string characters out of 6132635
 581949 words of memory out of 5000000
 29438 multiletter control sequences out of 15000+600000
 75102 words of font info for 165 fonts, out of 8000000 for 9000
 1141 hyphenation exceptions out of 8191
 74i,13n,103p,1830b,731s stack positions out of 5000i,500n,10000p,200000b,80000s
{/usr/local/texlive/2017/texmf-dist/fonts/enc/dvips/cm-super/cm-super-ts1.enc
}</usr/local/texlive/2017/texmf-dist/fonts/type1/public/amsfonts/cm/cmmi10.pfb>
</usr/local/texlive/2017/texmf-dist/fonts/type1/public/amsfonts/cm/cmsltt10.pfb
></usr/local/texlive/2017/texmf-dist/fonts/type1/public/amsfonts/cm/cmss10.pfb>
</usr/local/texlive/2017/texmf-dist/fonts/type1/public/amsfonts/cm/cmss12.pfb><
/usr/local/texlive/2017/texmf-dist/fonts/type1/public/amsfonts/cm/cmss17.pfb></
usr/local/texlive/2017/texmf-dist/fonts/type1/public/amsfonts/cm/cmss8.pfb></us
r/local/texlive/2017/texmf-dist/fonts/type1/public/amsfonts/cm/cmss9.pfb></usr/
local/texlive/2017/texmf-dist/fonts/type1/public/amsfonts/cm/cmssbx10.pfb></usr
/local/texlive/2017/texmf-dist/fonts/type1/public/amsfonts/cm/cmssi10.pfb></usr
/local/texlive/2017/texmf-dist/fonts/type1/public/amsfonts/cm/cmssi8.pfb></usr/
local/texlive/2017/texmf-dist/fonts/type1/public/amsfonts/cm/cmsy10.pfb></usr/l
ocal/texlive/2017/texmf-dist/fonts/type1/public/amsfonts/cm/cmtt10.pfb></usr/lo
cal/texlive/2017/texmf-dist/fonts/type1/public/amsfonts/cm/cmtt12.pfb></usr/loc
al/texlive/2017/texmf-dist/fonts/type1/public/amsfonts/cm/cmtt8.pfb></usr/local
/texlive/2017/texmf-dist/fonts/type1/public/amsfonts/cm/cmtt9.pfb></usr/local/t
exlive/2017/texmf-dist/fonts/type1/public/cm-super/sfrm0800.pfb></usr/local/tex
live/2017/texmf-dist/fonts/type1/public/cm-super/sfrm0900.pfb></usr/local/texli
ve/2017/texmf-dist/fonts/type1/public/cm-super/sfrm1000.pfb></usr/local/texlive
/2017/texmf-dist/fonts/type1/public/cm-super/sfrm1095.pfb></usr/local/texlive/2
017/texmf-dist/fonts/type1/public/cm-super/sfrm1728.pfb></usr/local/texlive/201
7/texmf-dist/fonts/type1/public/cm-super/sfst0800.pfb>
Output written on R_intro.pdf (136 pages, 1197527 bytes).
PDF statistics:
 946 PDF objects out of 1000 (max. 8388607)
 742 compressed objects within 8 object streams
 278 named destinations out of 1000 (max. 500000)
 162 words of extra memory for PDF output out of 10000 (max. 10000000)

